<?xml version="1.0" encoding="utf-8"?>
<!-- *
 * This software is distributed in the hope that it will be useful,
 * but is distributed on an "AS IS" BASIS, WITHOUT WARRANTIES OR
 * CONDITIONS OF ANY KIND, without even the implied warranty of
 * MERCHANTABILITY or FITNESS FOR A PARTICULAR PURPOSE.
 *
 * This software may only be used to program products purchased from
 * Analog Devices for incorporation by you into audio products that
 * are intended for resale to audio product end users. This software
 * may not be distributed whole or in any part to third parties.
 *
 * Copyright ©2019 Analog Devices, Inc. All rights reserved.
 */
-->
<!--SigmaStudio export XML file-->
<Schematic>
    <IC>
        <Name>IC 1</Name>
        <Register>
            <Name>IC 1.CoreRegister</Name>
            <Address>2076</Address>
            <Size>2</Size>
            <Data>0x00, 0x18, </Data>
        </Register>
        <Program>
            <Name>Program Data</Name>
            <Address>1024</Address>
            <Size>5120</Size>
            <Data>0x00, 0x00, 0x00, 0x00, 0x01, 0x00, 0x00, 0x00, 0xE8, 0x01, 0x00, 0x00, 0x00, 0x00, 0x01, 0x00, 0x08, 0x00, 0xE8, 0x01, 0x00, 0x29, 0x08, 0x20, 0x09, 0xFF, 0xF1, 0x08, 0x20, 0x01, 0x00, 0x30, 0x00, 0xE2, 0x01, 0xFF, 0xF2, 0x01, 0x20, 0x01, 0x00, 0x18, 0x00, 0xE2, 0x27, 0xFF, 0xF2, 0x00, 0x20, 0x09, 0x00, 0x1A, 0x02, 0x20, 0x01, 0xFF, 0xF9, 0x1F, 0x22, 0x01, 0x00, 0x20, 0x00, 0xF2, 0x01, 0xFF, 0xF1, 0x09, 0x32, 0x41, 0xFF, 0xE9, 0x08, 0x20, 0x27, 0x00, 0x10, 0x00, 0xE2, 0x01, 0x00, 0x00, 0x00, 0x00, 0x01, 0x00, 0x51, 0x08, 0x20, 0x09, 0xFF, 0xF1, 0x08, 0x20, 0x01, 0x00, 0x58, 0x00, 0xE2, 0x01, 0xFF, 0xF2, 0x04, 0x20, 0x01, 0x00, 0x40, 0x00, 0xE2, 0x27, 0xFF, 0xF2, 0x03, 0x20, 0x09, 0x00, 0x42, 0x05, 0x20, 0x01, 0xFF, 0xF9, 0x1F, 0x22, 0x01, 0x00, 0x48, 0x00, 0xF2, 0x01, 0xFF, 0xF1, 0x09, 0x32, 0x41, 0xFF, 0xE9, 0x08, 0x20, 0x27, 0x00, 0x38, 0x00, 0xE2, 0x01, 0x00, 0x00, 0x00, 0x00, 0x01, 0xFF, 0xF2, 0x06, 0x20, 0x01, 0x00, 0x98, 0x00, 0xE2, 0x01, 0x00, 0x01, 0x08, 0x20, 0x01, 0x00, 0x70, 0x00, 0xE2, 0x01, 0x00, 0x09, 0x08, 0x20, 0x01, 0x00, 0x80, 0x00, 0xE2, 0x01, 0x00, 0x11, 0x08, 0x20, 0x01, 0x00, 0x78, 0x00, 0xE2, 0x01, 0x00, 0x39, 0x08, 0x20, 0x01, 0x00, 0x88, 0x00, 0xE2, 0x01, 0xFF, 0xE9, 0x08, 0x20, 0x01, 0x00, 0xF0, 0x00, 0xE2, 0x01, 0x00, 0x91, 0x08, 0x20, 0x01, 0x00, 0x99, 0x08, 0x22, 0x49, 0xFF, 0xF1, 0x08, 0x20, 0x26, 0x00, 0xF0, 0x00, 0xE2, 0x01, 0x00, 0xB1, 0x08, 0x20, 0x01, 0xFF, 0xF1, 0x13, 0x22, 0x49, 0x00, 0x91, 0x08, 0x20, 0x01, 0x00, 0xD1, 0x08, 0x20, 0x25, 0x00, 0xD8, 0x00, 0xE2, 0x01, 0x00, 0xC1, 0x08, 0x20, 0x01, 0xFF, 0xF1, 0x13, 0x22, 0x49, 0x00, 0x91, 0x08, 0x20, 0x01, 0x00, 0xE1, 0x08, 0x20, 0x25, 0x00, 0xE8, 0x00, 0xE2, 0x01, 0x00, 0xF9, 0x08, 0x20, 0x01, 0x00, 0x00, 0x00, 0x00, 0x01, 0x01, 0x08, 0x00, 0xF0, 0x01, 0x01, 0x09, 0x08, 0x20, 0x01, 0xFF, 0xF1, 0x13, 0x22, 0x49, 0x00, 0xF1, 0x08, 0x20, 0x01, 0xFF, 0xE9, 0x08, 0x20, 0x25, 0x00, 0xF0, 0x00, 0xE2, 0x01, 0x00, 0x91, 0x08, 0x20, 0x01, 0x00, 0x98, 0x00, 0xE2, 0x25, 0x00, 0xA1, 0x08, 0x20, 0x01, 0x00, 0xB1, 0x08, 0x22, 0x41, 0x01, 0x00, 0x00, 0xE2, 0x01, 0x00, 0xB1, 0x08, 0x20, 0x01, 0x01, 0x01, 0x14, 0x22, 0x01, 0x00, 0xB8, 0x00, 0xE2, 0x01, 0x00, 0xD8, 0x00, 0xC0, 0x01, 0x00, 0x07, 0xFF, 0xA0, 0x01, 0x00, 0xB8, 0x00, 0xC0, 0x01, 0x00, 0x77, 0xFF, 0x20, 0x81, 0x00, 0x60, 0x00, 0xE2, 0x01, 0x00, 0x87, 0xFF, 0x40, 0x81, 0x00, 0x68, 0x00, 0xE4, 0x01, 0xFF, 0xF1, 0x08, 0x20, 0x01, 0xFF, 0xF7, 0xFF, 0x22, 0x41, 0x00, 0xC8, 0x00, 0xE2, 0x01, 0x00, 0xE8, 0x00, 0xC0, 0x01, 0x00, 0x07, 0xFF, 0xA0, 0x01, 0x00, 0xC8, 0x00, 0xC0, 0x01, 0x00, 0x77, 0xFF, 0x20, 0x81, 0x00, 0x61, 0x08, 0x22, 0x01, 0x00, 0x60, 0x00, 0xE2, 0x01, 0x00, 0x87, 0xFF, 0x40, 0x81, 0x00, 0x69, 0x08, 0x44, 0x01, 0x00, 0x68, 0x00, 0xE4, 0x01, 0x00, 0xA1, 0x08, 0x20, 0x01, 0x00, 0xF1, 0x08, 0x22, 0x41, 0x00, 0x00, 0x00, 0x00, 0x01, 0x00, 0xA8, 0x00, 0xF0, 0x01, 0x00, 0x00, 0x00, 0x00, 0x01, 0x00, 0x68, 0x00, 0xC0, 0x01, 0x00, 0x6F, 0xFF, 0x20, 0x01, 0x00, 0x00, 0x00, 0x00, 0x01, 0x01, 0x50, 0x00, 0xE2, 0x01, 0x01, 0x58, 0x00, 0xF2, 0x01, 0x01, 0x21, 0x08, 0x20, 0x01, 0x01, 0x22, 0x07, 0x22, 0x41, 0x01, 0x5A, 0x07, 0x22, 0x01, 0x01, 0x11, 0x08, 0x34, 0x01, 0x01, 0x12, 0x07, 0x22, 0x41, 0x01, 0x52, 0x07, 0x82, 0x01, 0x01, 0x52, 0x07, 0x22, 0x01, 0x00, 0x00, 0x00, 0x00, 0x01, 0x01, 0x18, 0x00, 0xE2, 0x01, 0x01, 0x28, 0x00, 0xF2, 0x01, 0x01, 0x60, 0x00, 0xF6, 0x01, 0x01, 0x41, 0x08, 0x20, 0x09, 0x01, 0x48, 0x00, 0xE2, 0x01, 0x01, 0x31, 0x08, 0x20, 0x01, 0xFF, 0xF2, 0x09, 0x22, 0x67, 0x01, 0x38, 0x00, 0xE2, 0x01, 0x01, 0x61, 0x08, 0x22, 0x49, 0x01, 0x61, 0x08, 0x20, 0x01, 0x01, 0x38, 0x00, 0xE2, 0x27, 0xFF, 0xF2, 0x08, 0x20, 0x01, 0x01, 0x48, 0x00, 0xE2, 0x27, 0x00, 0x00, 0x00, 0x00, 0x01, 0x01, 0x49, 0x08, 0x20, 0x09, 0xFF, 0xF9, 0x08, 0x22, 0x41, 0x01, 0x48, 0x00, 0xE2, 0x26, 0x01, 0x39, 0x08, 0x20, 0x01, 0x00, 0x69, 0x08, 0x20, 0x01, 0x01, 0xB8, 0x00, 0xE2, 0x01, 0x00, 0x60, 0x00, 0xC0, 0x01, 0x00, 0x67, 0xFF, 0x20, 0x01, 0x00, 0x00, 0x00, 0x00, 0x01, 0x01, 0x50, 0x00, 0xE2, 0x01, 0x01, 0x58, 0x00, 0xF2, 0x01, 0x01, 0x79, 0x08, 0x20, 0x01, 0x01, 0x7A, 0x0A, 0x22, 0x41, 0x01, 0x5A, 0x0A, 0x22, 0x01, 0x01, 0x69, 0x08, 0x34, 0x01, 0x01, 0x6A, 0x0A, 0x22, 0x41, 0x01, 0x52, 0x0A, 0x82, 0x01, 0x01, 0x52, 0x0A, 0x22, 0x01, 0x00, 0x00, 0x00, 0x00, 0x01, 0x01, 0x70, 0x00, 0xE2, 0x01, 0x01, 0x80, 0x00, 0xF2, 0x01, 0x01, 0x60, 0x00, 0xF6, 0x01, 0x01, 0x99, 0x08, 0x20, 0x09, 0x01, 0xA0, 0x00, 0xE2, 0x01, 0x01, 0x89, 0x08, 0x20, 0x01, 0xFF, 0xF2, 0x0C, 0x22, 0x67, 0x01, 0x90, 0x00, 0xE2, 0x01, 0x01, 0x61, 0x08, 0x22, 0x49, 0x01, 0x61, 0x08, 0x20, 0x01, 0x01, 0x90, 0x00, 0xE2, 0x27, 0xFF, 0xF2, 0x0B, 0x20, 0x01, 0x01, 0xA0, 0x00, 0xE2, 0x27, 0x00, 0x00, 0x00, 0x00, 0x01, 0x01, 0xA1, 0x08, 0x20, 0x09, 0xFF, 0xF9, 0x08, 0x22, 0x41, 0x01, 0xA0, 0x00, 0xE2, 0x26, 0x01, 0x91, 0x08, 0x20, 0x01, 0x00, 0x61, 0x08, 0x20, 0x01, 0x02, 0x00, 0x00, 0xE2, 0x01, 0x01, 0xCA, 0x10, 0x20, 0x01, 0x01, 0xC2, 0x11, 0x22, 0x01, 0x01, 0xBA, 0x0D, 0x22, 0x01, 0x01, 0xB2, 0x0E, 0x22, 0x01, 0x01, 0xAA, 0x0F, 0x22, 0x01, 0x01, 0xD0, 0x00, 0xE2, 0x01, 0x01, 0xE2, 0x15, 0x20, 0x01, 0x01, 0xDA, 0x16, 0x22, 0x01, 0x01, 0xD2, 0x12, 0x22, 0x01, 0x01, 0xCA, 0x13, 0x22, 0x01, 0x01, 0xC2, 0x14, 0x22, 0x01, 0x01, 0xE8, 0x00, 0xE2, 0x01, 0x02, 0x02, 0x17, 0x20, 0x01, 0x01, 0xBA, 0x18, 0x22, 0x01, 0x02, 0x48, 0x00, 0xE2, 0x01, 0x02, 0x12, 0x1C, 0x20, 0x01, 0x02, 0x0A, 0x1D, 0x22, 0x01, 0x02, 0x02, 0x19, 0x22, 0x01, 0x01, 0xFA, 0x1A, 0x22, 0x01, 0x01, 0xF2, 0x1B, 0x22, 0x01, 0x02, 0x18, 0x00, 0xE2, 0x01, 0x02, 0x2A, 0x21, 0x20, 0x01, 0x02, 0x22, 0x22, 0x22, 0x01, 0x02, 0x1A, 0x1E, 0x22, 0x01, 0x02, 0x12, 0x1F, 0x22, 0x01, 0x02, 0x0A, 0x20, 0x22, 0x01, 0x02, 0x30, 0x00, 0xE2, 0x01, 0x02, 0x5A, 0x28, 0x20, 0x01, 0x02, 0x52, 0x29, 0x22, 0x01, 0x02, 0x4A, 0x25, 0x22, 0x01, 0x02, 0x42, 0x26, 0x22, 0x01, 0x02, 0x3A, 0x27, 0x22, 0x01, 0x02, 0x60, 0x00, 0xE2, 0x01, 0x02, 0x72, 0x28, 0x20, 0x01, 0x02, 0x6A, 0x29, 0x22, 0x01, 0x02, 0x62, 0x25, 0x22, 0x01, 0x02, 0x5A, 0x26, 0x22, 0x01, 0x02, 0x52, 0x27, 0x22, 0x01, 0x02, 0x78, 0x00, 0xE2, 0x01, 0x02, 0x8A, 0x28, 0x20, 0x01, 0x02, 0x82, 0x29, 0x22, 0x01, 0x02, 0x7A, 0x25, 0x22, 0x01, 0x02, 0x72, 0x26, 0x22, 0x01, 0x02, 0x6A, 0x27, 0x22, 0x01, 0x02, 0x90, 0x00, 0xE2, 0x01, 0x02, 0x90, 0x00, 0xC0, 0x01, 0x02, 0x97, 0xFF, 0x20, 0x01, 0x00, 0x00, 0x00, 0x00, 0x01, 0x01, 0x50, 0x00, 0xE2, 0x01, 0x01, 0x58, 0x00, 0xF2, 0x01, 0x02, 0xA9, 0x08, 0x20, 0x01, 0x02, 0xAA, 0x23, 0x22, 0x41, 0x01, 0x5A, 0x23, 0x22, 0x01, 0x02, 0x99, 0x08, 0x34, 0x01, 0x02, 0x9A, 0x23, 0x22, 0x41, 0x01, 0x52, 0x23, 0x82, 0x01, 0x01, 0x52, 0x23, 0x22, 0x01, 0x00, 0x00, 0x00, 0x00, 0x01, 0x02, 0xA0, 0x00, 0xE2, 0x01, 0x02, 0xB0, 0x00, 0xF2, 0x01, 0x01, 0x60, 0x00, 0xF6, 0x01, 0x02, 0xB9, 0x08, 0x20, 0x01, 0xFF, 0xF2, 0x24, 0x22, 0x41, 0x02, 0xC0, 0x00, 0xE2, 0x01, 0x01, 0x61, 0x08, 0x22, 0x49, 0x01, 0x61, 0x08, 0x20, 0x01, 0x02, 0xC0, 0x00, 0xE2, 0x27, 0x00, 0x00, 0x00, 0x00, 0x01, 0x02, 0xC1, 0x08, 0x20, 0x01, 0x02, 0xD2, 0x2D, 0x20, 0x01, 0x02, 0xCA, 0x2E, 0x22, 0x01, 0x02, 0x4A, 0x2A, 0x22, 0x01, 0x02, 0x42, 0x2B, 0x22, 0x01, 0x02, 0x3A, 0x2C, 0x22, 0x01, 0x02, 0xD8, 0x00, 0xE2, 0x01, 0x02, 0xEA, 0x2D, 0x20, 0x01, 0x02, 0xE2, 0x2E, 0x22, 0x01, 0x02, 0xDA, 0x2A, 0x22, 0x01, 0x02, 0xD2, 0x2B, 0x22, 0x01, 0x02, 0xCA, 0x2C, 0x22, 0x01, 0x02, 0xF0, 0x00, 0xE2, 0x01, 0x03, 0x02, 0x2D, 0x20, 0x01, 0x02, 0xFA, 0x2E, 0x22, 0x01, 0x02, 0xF2, 0x2A, 0x22, 0x01, 0x02, 0xEA, 0x2B, 0x22, 0x01, 0x02, 0xE2, 0x2C, 0x22, 0x01, 0x03, 0x08, 0x00, 0xE2, 0x01, 0x03, 0x08, 0x00, 0xC0, 0x01, 0x03, 0x0F, 0xFF, 0x20, 0x01, 0x00, 0x00, 0x00, 0x00, 0x01, 0x01, 0x50, 0x00, 0xE2, 0x01, 0x01, 0x58, 0x00, 0xF2, 0x01, 0x03, 0x21, 0x08, 0x20, 0x01, 0x03, 0x22, 0x23, 0x22, 0x41, 0x01, 0x5A, 0x23, 0x22, 0x01, 0x03, 0x11, 0x08, 0x34, 0x01, 0x03, 0x12, 0x23, 0x22, 0x41, 0x01, 0x52, 0x23, 0x82, 0x01, 0x01, 0x52, 0x23, 0x22, 0x01, 0x00, 0x00, 0x00, 0x00, 0x01, 0x03, 0x18, 0x00, 0xE2, 0x01, 0x03, 0x28, 0x00, 0xF2, 0x01, 0x01, 0x60, 0x00, 0xF6, 0x01, 0x03, 0x31, 0x08, 0x20, 0x01, 0xFF, 0xF2, 0x24, 0x22, 0x41, 0x03, 0x38, 0x00, 0xE2, 0x01, 0x01, 0x61, 0x08, 0x22, 0x49, 0x01, 0x61, 0x08, 0x20, 0x01, 0x03, 0x38, 0x00, 0xE2, 0x27, 0x00, 0x00, 0x00, 0x00, 0x01, 0x03, 0x39, 0x08, 0x20, 0x01, 0x03, 0x4A, 0x32, 0x20, 0x01, 0x03, 0x42, 0x33, 0x22, 0x01, 0x02, 0x4A, 0x2F, 0x22, 0x01, 0x02, 0x42, 0x30, 0x22, 0x01, 0x02, 0x3A, 0x31, 0x22, 0x01, 0x03, 0x50, 0x00, 0xE2, 0x01, 0x03, 0x62, 0x32, 0x20, 0x01, 0x03, 0x5A, 0x33, 0x22, 0x01, 0x03, 0x52, 0x2F, 0x22, 0x01, 0x03, 0x4A, 0x30, 0x22, 0x01, 0x03, 0x42, 0x31, 0x22, 0x01, 0x03, 0x68, 0x00, 0xE2, 0x01, 0x03, 0x7A, 0x32, 0x20, 0x01, 0x03, 0x72, 0x33, 0x22, 0x01, 0x03, 0x6A, 0x2F, 0x22, 0x01, 0x03, 0x62, 0x30, 0x22, 0x01, 0x03, 0x5A, 0x31, 0x22, 0x01, 0x03, 0x80, 0x00, 0xE2, 0x01, 0x03, 0x80, 0x00, 0xC0, 0x01, 0x03, 0x87, 0xFF, 0x20, 0x01, 0x00, 0x00, 0x00, 0x00, 0x01, 0x01, 0x50, 0x00, 0xE2, 0x01, 0x01, 0x58, 0x00, 0xF2, 0x01, 0x03, 0x99, 0x08, 0x20, 0x01, 0x03, 0x9A, 0x23, 0x22, 0x41, 0x01, 0x5A, 0x23, 0x22, 0x01, 0x03, 0x89, 0x08, 0x34, 0x01, 0x03, 0x8A, 0x23, 0x22, 0x41, 0x01, 0x52, 0x23, 0x82, 0x01, 0x01, 0x52, 0x23, 0x22, 0x01, 0x00, 0x00, 0x00, 0x00, 0x01, 0x03, 0x90, 0x00, 0xE2, 0x01, 0x03, 0xA0, 0x00, 0xF2, 0x01, 0x01, 0x60, 0x00, 0xF6, 0x01, 0x03, 0xA9, 0x08, 0x20, 0x01, 0xFF, 0xF2, 0x24, 0x22, 0x41, 0x03, 0xB0, 0x00, 0xE2, 0x01, 0x01, 0x61, 0x08, 0x22, 0x49, 0x01, 0x61, 0x08, 0x20, 0x01, 0x03, 0xB0, 0x00, 0xE2, 0x27, 0x00, 0x00, 0x00, 0x00, 0x01, 0x03, 0xB1, 0x08, 0x20, 0x01, 0x03, 0xC2, 0x37, 0x20, 0x01, 0x03, 0xBA, 0x38, 0x22, 0x01, 0x02, 0x4A, 0x34, 0x22, 0x01, 0x02, 0x42, 0x35, 0x22, 0x01, 0x02, 0x3A, 0x36, 0x22, 0x01, 0x03, 0xC8, 0x00, 0xE2, 0x01, 0x03, 0xDA, 0x37, 0x20, 0x01, 0x03, 0xD2, 0x38, 0x22, 0x01, 0x03, 0xCA, 0x34, 0x22, 0x01, 0x03, 0xC2, 0x35, 0x22, 0x01, 0x03, 0xBA, 0x36, 0x22, 0x01, 0x03, 0xE0, 0x00, 0xE2, 0x01, 0x03, 0xF2, 0x37, 0x20, 0x01, 0x03, 0xEA, 0x38, 0x22, 0x01, 0x03, 0xE2, 0x34, 0x22, 0x01, 0x03, 0xDA, 0x35, 0x22, 0x01, 0x03, 0xD2, 0x36, 0x22, 0x01, 0x03, 0xF8, 0x00, 0xE2, 0x01, 0x03, 0xF8, 0x00, 0xC0, 0x01, 0x03, 0xFF, 0xFF, 0x20, 0x01, 0x00, 0x00, 0x00, 0x00, 0x01, 0x01, 0x50, 0x00, 0xE2, 0x01, 0x01, 0x58, 0x00, 0xF2, 0x01, 0x04, 0x11, 0x08, 0x20, 0x01, 0x04, 0x12, 0x23, 0x22, 0x41, 0x01, 0x5A, 0x23, 0x22, 0x01, 0x04, 0x01, 0x08, 0x34, 0x01, 0x04, 0x02, 0x23, 0x22, 0x41, 0x01, 0x52, 0x23, 0x82, 0x01, 0x01, 0x52, 0x23, 0x22, 0x01, 0x00, 0x00, 0x00, 0x00, 0x01, 0x04, 0x08, 0x00, 0xE2, 0x01, 0x04, 0x18, 0x00, 0xF2, 0x01, 0x01, 0x60, 0x00, 0xF6, 0x01, 0x04, 0x21, 0x08, 0x20, 0x01, 0xFF, 0xF2, 0x24, 0x22, 0x41, 0x04, 0x28, 0x00, 0xE2, 0x01, 0x01, 0x61, 0x08, 0x22, 0x49, 0x01, 0x61, 0x08, 0x20, 0x01, 0x04, 0x28, 0x00, 0xE2, 0x27, 0x00, 0x00, 0x00, 0x00, 0x01, 0x04, 0x29, 0x08, 0x20, 0x01, 0x04, 0x3A, 0x3C, 0x20, 0x01, 0x04, 0x32, 0x3D, 0x22, 0x01, 0x02, 0x4A, 0x39, 0x22, 0x01, 0x02, 0x42, 0x3A, 0x22, 0x01, 0x02, 0x3A, 0x3B, 0x22, 0x01, 0x04, 0x40, 0x00, 0xE2, 0x01, 0x04, 0x52, 0x3C, 0x20, 0x01, 0x04, 0x4A, 0x3D, 0x22, 0x01, 0x04, 0x42, 0x39, 0x22, 0x01, 0x04, 0x3A, 0x3A, 0x22, 0x01, 0x04, 0x32, 0x3B, 0x22, 0x01, 0x04, 0x58, 0x00, 0xE2, 0x01, 0x04, 0x6A, 0x3C, 0x20, 0x01, 0x04, 0x62, 0x3D, 0x22, 0x01, 0x04, 0x5A, 0x39, 0x22, 0x01, 0x04, 0x52, 0x3A, 0x22, 0x01, 0x04, 0x4A, 0x3B, 0x22, 0x01, 0x04, 0x70, 0x00, 0xE2, 0x01, 0x04, 0x70, 0x00, 0xC0, 0x01, 0x04, 0x77, 0xFF, 0x20, 0x01, 0x00, 0x00, 0x00, 0x00, 0x01, 0x01, 0x50, 0x00, 0xE2, 0x01, 0x01, 0x58, 0x00, 0xF2, 0x01, 0x04, 0x89, 0x08, 0x20, 0x01, 0x04, 0x8A, 0x23, 0x22, 0x41, 0x01, 0x5A, 0x23, 0x22, 0x01, 0x04, 0x79, 0x08, 0x34, 0x01, 0x04, 0x7A, 0x23, 0x22, 0x41, 0x01, 0x52, 0x23, 0x82, 0x01, 0x01, 0x52, 0x23, 0x22, 0x01, 0x00, 0x00, 0x00, 0x00, 0x01, 0x04, 0x80, 0x00, 0xE2, 0x01, 0x04, 0x90, 0x00, 0xF2, 0x01, 0x01, 0x60, 0x00, 0xF6, 0x01, 0x04, 0x99, 0x08, 0x20, 0x01, 0xFF, 0xF2, 0x24, 0x22, 0x41, 0x04, 0xA0, 0x00, 0xE2, 0x01, 0x01, 0x61, 0x08, 0x22, 0x49, 0x01, 0x61, 0x08, 0x20, 0x01, 0x04, 0xA0, 0x00, 0xE2, 0x27, 0x00, 0x00, 0x00, 0x00, 0x01, 0x04, 0xA1, 0x08, 0x20, 0x01, 0x04, 0xB2, 0x41, 0x20, 0x01, 0x04, 0xAA, 0x42, 0x22, 0x01, 0x02, 0x4A, 0x3E, 0x22, 0x01, 0x02, 0x42, 0x3F, 0x22, 0x01, 0x02, 0x3A, 0x40, 0x22, 0x01, 0x04, 0xB8, 0x00, 0xE2, 0x01, 0x04, 0xCA, 0x41, 0x20, 0x01, 0x04, 0xC2, 0x42, 0x22, 0x01, 0x04, 0xBA, 0x3E, 0x22, 0x01, 0x04, 0xB2, 0x3F, 0x22, 0x01, 0x04, 0xAA, 0x40, 0x22, 0x01, 0x04, 0xD0, 0x00, 0xE2, 0x01, 0x04, 0xE2, 0x41, 0x20, 0x01, 0x04, 0xDA, 0x42, 0x22, 0x01, 0x04, 0xD2, 0x3E, 0x22, 0x01, 0x04, 0xCA, 0x3F, 0x22, 0x01, 0x04, 0xC2, 0x40, 0x22, 0x01, 0x04, 0xE8, 0x00, 0xE2, 0x01, 0x04, 0xE8, 0x00, 0xC0, 0x01, 0x04, 0xEF, 0xFF, 0x20, 0x01, 0x00, 0x00, 0x00, 0x00, 0x01, 0x01, 0x50, 0x00, 0xE2, 0x01, 0x01, 0x58, 0x00, 0xF2, 0x01, 0x05, 0x01, 0x08, 0x20, 0x01, 0x05, 0x02, 0x23, 0x22, 0x41, 0x01, 0x5A, 0x23, 0x22, 0x01, 0x04, 0xF1, 0x08, 0x34, 0x01, 0x04, 0xF2, 0x23, 0x22, 0x41, 0x01, 0x52, 0x23, 0x82, 0x01, 0x01, 0x52, 0x23, 0x22, 0x01, 0x00, 0x00, 0x00, 0x00, 0x01, 0x04, 0xF8, 0x00, 0xE2, 0x01, 0x05, 0x08, 0x00, 0xF2, 0x01, 0x01, 0x60, 0x00, 0xF6, 0x01, 0x05, 0x11, 0x08, 0x20, 0x01, 0xFF, 0xF2, 0x24, 0x22, 0x41, 0x05, 0x18, 0x00, 0xE2, 0x01, 0x01, 0x61, 0x08, 0x22, 0x49, 0x01, 0x61, 0x08, 0x20, 0x01, 0x05, 0x18, 0x00, 0xE2, 0x27, 0x00, 0x00, 0x00, 0x00, 0x01, 0x05, 0x19, 0x08, 0x20, 0x01, 0x05, 0x2A, 0x46, 0x20, 0x01, 0x05, 0x22, 0x47, 0x22, 0x01, 0x02, 0x4A, 0x43, 0x22, 0x01, 0x02, 0x42, 0x44, 0x22, 0x01, 0x02, 0x3A, 0x45, 0x22, 0x01, 0x05, 0x30, 0x00, 0xE2, 0x01, 0x05, 0x42, 0x46, 0x20, 0x01, 0x05, 0x3A, 0x47, 0x22, 0x01, 0x05, 0x32, 0x43, 0x22, 0x01, 0x05, 0x2A, 0x44, 0x22, 0x01, 0x05, 0x22, 0x45, 0x22, 0x01, 0x05, 0x48, 0x00, 0xE2, 0x01, 0x05, 0x5A, 0x46, 0x20, 0x01, 0x05, 0x52, 0x47, 0x22, 0x01, 0x05, 0x4A, 0x43, 0x22, 0x01, 0x05, 0x42, 0x44, 0x22, 0x01, 0x05, 0x3A, 0x45, 0x22, 0x01, 0x05, 0x60, 0x00, 0xE2, 0x01, 0x05, 0x60, 0x00, 0xC0, 0x01, 0x05, 0x67, 0xFF, 0x20, 0x01, 0x00, 0x00, 0x00, 0x00, 0x01, 0x01, 0x50, 0x00, 0xE2, 0x01, 0x01, 0x58, 0x00, 0xF2, 0x01, 0x05, 0x79, 0x08, 0x20, 0x01, 0x05, 0x7A, 0x23, 0x22, 0x41, 0x01, 0x5A, 0x23, 0x22, 0x01, 0x05, 0x69, 0x08, 0x34, 0x01, 0x05, 0x6A, 0x23, 0x22, 0x41, 0x01, 0x52, 0x23, 0x82, 0x01, 0x01, 0x52, 0x23, 0x22, 0x01, 0x00, 0x00, 0x00, 0x00, 0x01, 0x05, 0x70, 0x00, 0xE2, 0x01, 0x05, 0x80, 0x00, 0xF2, 0x01, 0x01, 0x60, 0x00, 0xF6, 0x01, 0x05, 0x89, 0x08, 0x20, 0x01, 0xFF, 0xF2, 0x24, 0x22, 0x41, 0x05, 0x90, 0x00, 0xE2, 0x01, 0x01, 0x61, 0x08, 0x22, 0x49, 0x01, 0x61, 0x08, 0x20, 0x01, 0x05, 0x90, 0x00, 0xE2, 0x27, 0x00, 0x00, 0x00, 0x00, 0x01, 0x05, 0x91, 0x08, 0x20, 0x01, 0x02, 0x49, 0x08, 0x20, 0x01, 0x08, 0x78, 0x00, 0xE2, 0x01, 0x00, 0x00, 0x00, 0x00, 0x01, 0x02, 0x31, 0x08, 0x20, 0x01, 0x00, 0x00, 0x00, 0x00, 0x01, 0x05, 0xD8, 0x00, 0xE2, 0x01, 0x06, 0x02, 0x4B, 0x20, 0x01, 0x05, 0xFA, 0x4C, 0x22, 0x01, 0x05, 0xEA, 0x4B, 0x34, 0x01, 0x05, 0xE2, 0x4C, 0x22, 0x01, 0x05, 0xDA, 0x48, 0x22, 0x01, 0x05, 0xD2, 0x49, 0x22, 0x01, 0x05, 0xCA, 0x4A, 0x22, 0x01, 0x00, 0x00, 0x00, 0x00, 0x01, 0x05, 0xF0, 0x00, 0xE2, 0x01, 0x06, 0x08, 0x00, 0xF2, 0x01, 0x06, 0x32, 0x4B, 0x20, 0x01, 0x06, 0x2A, 0x4C, 0x22, 0x01, 0x06, 0x1A, 0x4B, 0x34, 0x01, 0x06, 0x12, 0x4C, 0x22, 0x01, 0x05, 0xF2, 0x48, 0x22, 0x01, 0x05, 0xEA, 0x49, 0x22, 0x01, 0x05, 0xE2, 0x4A, 0x22, 0x01, 0x00, 0x00, 0x00, 0x00, 0x01, 0x06, 0x20, 0x00, 0xE2, 0x01, 0x05, 0xB0, 0x00, 0xE2, 0x01, 0x06, 0x38, 0x00, 0xF2, 0x01, 0x02, 0x31, 0x08, 0x20, 0x01, 0x00, 0x00, 0x00, 0x00, 0x01, 0x06, 0x50, 0x00, 0xE2, 0x01, 0x06, 0x7A, 0x50, 0x20, 0x01, 0x06, 0x72, 0x51, 0x22, 0x01, 0x06, 0x62, 0x50, 0x34, 0x01, 0x06, 0x5A, 0x51, 0x22, 0x01, 0x06, 0x52, 0x4D, 0x22, 0x01, 0x06, 0x4A, 0x4E, 0x22, 0x01, 0x06, 0x42, 0x4F, 0x22, 0x01, 0x00, 0x00, 0x00, 0x00, 0x01, 0x06, 0x68, 0x00, 0xE2, 0x01, 0x06, 0x80, 0x00, 0xF2, 0x01, 0x06, 0xAA, 0x50, 0x20, 0x01, 0x06, 0xA2, 0x51, 0x22, 0x01, 0x06, 0x92, 0x50, 0x34, 0x01, 0x06, 0x8A, 0x51, 0x22, 0x01, 0x06, 0x6A, 0x4D, 0x22, 0x01, 0x06, 0x62, 0x4E, 0x22, 0x01, 0x06, 0x5A, 0x4F, 0x22, 0x01, 0x00, 0x00, 0x00, 0x00, 0x01, 0x06, 0x98, 0x00, 0xE2, 0x01, 0x05, 0xA8, 0x00, 0xE2, 0x01, 0x06, 0xB0, 0x00, 0xF2, 0x01, 0x01, 0xE9, 0x08, 0x20, 0x01, 0x00, 0x00, 0x00, 0x00, 0x01, 0x06, 0xC8, 0x00, 0xE2, 0x01, 0x06, 0xF2, 0x4B, 0x20, 0x01, 0x06, 0xEA, 0x4C, 0x22, 0x01, 0x06, 0xDA, 0x4B, 0x34, 0x01, 0x06, 0xD2, 0x4C, 0x22, 0x01, 0x06, 0xCA, 0x48, 0x22, 0x01, 0x06, 0xC2, 0x49, 0x22, 0x01, 0x06, 0xBA, 0x4A, 0x22, 0x01, 0x00, 0x00, 0x00, 0x00, 0x01, 0x06, 0xE0, 0x00, 0xE2, 0x01, 0x06, 0xF8, 0x00, 0xF2, 0x01, 0x07, 0x22, 0x4B, 0x20, 0x01, 0x07, 0x1A, 0x4C, 0x22, 0x01, 0x07, 0x0A, 0x4B, 0x34, 0x01, 0x07, 0x02, 0x4C, 0x22, 0x01, 0x06, 0xE2, 0x48, 0x22, 0x01, 0x06, 0xDA, 0x49, 0x22, 0x01, 0x06, 0xD2, 0x4A, 0x22, 0x01, 0x00, 0x00, 0x00, 0x00, 0x01, 0x07, 0x10, 0x00, 0xE2, 0x01, 0x05, 0xC0, 0x00, 0xE2, 0x01, 0x07, 0x28, 0x00, 0xF2, 0x01, 0x01, 0xE9, 0x08, 0x20, 0x01, 0x00, 0x00, 0x00, 0x00, 0x01, 0x07, 0x40, 0x00, 0xE2, 0x01, 0x07, 0x6A, 0x50, 0x20, 0x01, 0x07, 0x62, 0x51, 0x22, 0x01, 0x07, 0x52, 0x50, 0x34, 0x01, 0x07, 0x4A, 0x51, 0x22, 0x01, 0x07, 0x42, 0x4D, 0x22, 0x01, 0x07, 0x3A, 0x4E, 0x22, 0x01, 0x07, 0x32, 0x4F, 0x22, 0x01, 0x00, 0x00, 0x00, 0x00, 0x01, 0x07, 0x58, 0x00, 0xE2, 0x01, 0x07, 0x70, 0x00, 0xF2, 0x01, 0x07, 0x9A, 0x50, 0x20, 0x01, 0x07, 0x92, 0x51, 0x22, 0x01, 0x07, 0x82, 0x50, 0x34, 0x01, 0x07, 0x7A, 0x51, 0x22, 0x01, 0x07, 0x5A, 0x4D, 0x22, 0x01, 0x07, 0x52, 0x4E, 0x22, 0x01, 0x07, 0x4A, 0x4F, 0x22, 0x01, 0x00, 0x00, 0x00, 0x00, 0x01, 0x07, 0x88, 0x00, 0xE2, 0x01, 0x05, 0xB8, 0x00, 0xE2, 0x01, 0x07, 0xA0, 0x00, 0xF2, 0x01, 0x05, 0xB1, 0x08, 0x20, 0x01, 0x05, 0xC1, 0x08, 0x22, 0x41, 0x08, 0x28, 0x00, 0xE2, 0x01, 0x08, 0x28, 0x00, 0xC0, 0x01, 0x08, 0x2F, 0xFF, 0x20, 0x01, 0x00, 0x00, 0x00, 0x00, 0x01, 0x08, 0x00, 0x00, 0xE2, 0x01, 0x08, 0x08, 0x00, 0xF2, 0x01, 0x07, 0xB9, 0x08, 0x20, 0x01, 0x07, 0xBA, 0x77, 0x22, 0x41, 0x08, 0x0A, 0x77, 0x22, 0x01, 0x07, 0xA9, 0x08, 0x34, 0x01, 0x07, 0xAA, 0x77, 0x22, 0x41, 0x08, 0x02, 0x77, 0x82, 0x01, 0x08, 0x02, 0x77, 0x22, 0x01, 0x00, 0x00, 0x00, 0x00, 0x01, 0x07, 0xB0, 0x00, 0xE2, 0x01, 0x07, 0xC0, 0x00, 0xF2, 0x01, 0x08, 0x10, 0x00, 0xF6, 0x01, 0x07, 0xD9, 0x08, 0x20, 0x09, 0x07, 0xE0, 0x00, 0xE2, 0x01, 0x07, 0xC9, 0x08, 0x20, 0x01, 0xFF, 0xF2, 0x78, 0x22, 0x67, 0x07, 0xD0, 0x00, 0xE2, 0x01, 0x08, 0x11, 0x08, 0x22, 0x49, 0x08, 0x11, 0x08, 0x20, 0x01, 0x07, 0xD0, 0x00, 0xE2, 0x27, 0xFF, 0xF2, 0x79, 0x20, 0x01, 0x07, 0xE0, 0x00, 0xE2, 0x27, 0x00, 0x00, 0x00, 0x00, 0x01, 0x07, 0xE1, 0x08, 0x20, 0x09, 0xFF, 0xF9, 0x08, 0x22, 0x41, 0x07, 0xE0, 0x00, 0xE2, 0x26, 0x07, 0xD1, 0x1A, 0x20, 0x01, 0x00, 0x00, 0x00, 0x00, 0x01, 0x08, 0x18, 0x00, 0xE2, 0x01, 0x08, 0x20, 0x00, 0xF2, 0x01, 0x08, 0x18, 0x00, 0xC0, 0x01, 0x00, 0x00, 0x00, 0x00, 0x01, 0x00, 0x02, 0x56, 0xA1, 0x01, 0xFF, 0xE1, 0x08, 0x20, 0x01, 0x00, 0x02, 0x55, 0xA1, 0x01, 0xFF, 0xE1, 0x08, 0x22, 0x41, 0x07, 0xE8, 0x00, 0xE2, 0x01, 0x08, 0x20, 0x00, 0xC0, 0x01, 0x07, 0xEF, 0xFF, 0x20, 0x01, 0xFF, 0xE1, 0x08, 0x22, 0x01, 0x07, 0xF8, 0x00, 0xE2, 0x01, 0x07, 0xF8, 0x00, 0xC0, 0x01, 0x08, 0x2F, 0xFF, 0x20, 0x01, 0x08, 0x30, 0x00, 0xE2, 0x01, 0x05, 0xC2, 0x53, 0x20, 0x01, 0x08, 0x3A, 0x53, 0x22, 0x41, 0x08, 0x50, 0x00, 0xE2, 0x01, 0x05, 0xB2, 0x53, 0x20, 0x01, 0x08, 0x3A, 0x53, 0x22, 0x01, 0x08, 0x48, 0x00, 0xE2, 0x01, 0x08, 0x31, 0x08, 0x20, 0x01, 0x08, 0x39, 0x08, 0x22, 0x41, 0x07, 0xF0, 0x00, 0xE2, 0x01, 0x07, 0xF2, 0x7A, 0x20, 0x01, 0x08, 0x39, 0x08, 0x22, 0x01, 0x08, 0x40, 0x00, 0xE2, 0x01, 0x08, 0x52, 0x53, 0x20, 0x01, 0x08, 0x5A, 0x53, 0x22, 0x41, 0x08, 0x50, 0x00, 0xE2, 0x01, 0x08, 0x4A, 0x53, 0x20, 0x01, 0x08, 0x5A, 0x53, 0x22, 0x01, 0x08, 0x48, 0x00, 0xE2, 0x01, 0x08, 0x31, 0x08, 0x20, 0x01, 0x08, 0x59, 0x08, 0x22, 0x41, 0x07, 0xF0, 0x00, 0xE2, 0x01, 0x07, 0xF2, 0x7B, 0x20, 0x01, 0x08, 0x59, 0x08, 0x22, 0x01, 0x08, 0x60, 0x00, 0xE2, 0x01, 0x05, 0xAA, 0x52, 0x20, 0x01, 0x08, 0x4A, 0x54, 0x22, 0x01, 0x05, 0x98, 0x00, 0xE2, 0x01, 0x05, 0xBA, 0x52, 0x20, 0x01, 0x08, 0x52, 0x54, 0x22, 0x01, 0x05, 0xA0, 0x00, 0xE2, 0x01, 0x08, 0x8A, 0x7F, 0x20, 0x01, 0x08, 0x82, 0x80, 0x22, 0x01, 0x08, 0x7A, 0x7C, 0x22, 0x01, 0x08, 0x72, 0x7D, 0x22, 0x01, 0x08, 0x6A, 0x7E, 0x22, 0x01, 0x08, 0x90, 0x00, 0xE2, 0x01, 0xFF, 0xF2, 0x81, 0x20, 0x01, 0x08, 0xD0, 0x00, 0xE2, 0x01, 0x02, 0x31, 0x08, 0x20, 0x01, 0x08, 0xA8, 0x00, 0xE2, 0x01, 0x01, 0xE9, 0x08, 0x20, 0x01, 0x08, 0xB8, 0x00, 0xE2, 0x01, 0x05, 0x99, 0x08, 0x20, 0x01, 0x08, 0xB0, 0x00, 0xE2, 0x01, 0x05, 0xA1, 0x08, 0x20, 0x01, 0x08, 0xC0, 0x00, 0xE2, 0x01, 0xFF, 0xE9, 0x08, 0x20, 0x01, 0x09, 0x28, 0x00, 0xE2, 0x01, 0x08, 0xC9, 0x08, 0x20, 0x01, 0x08, 0xD1, 0x08, 0x22, 0x49, 0xFF, 0xF1, 0x08, 0x20, 0x26, 0x09, 0x28, 0x00, 0xE2, 0x01, 0x08, 0xE9, 0x08, 0x20, 0x01, 0xFF, 0xF1, 0x13, 0x22, 0x49, 0x08, 0xC9, 0x08, 0x20, 0x01, 0x09, 0x09, 0x08, 0x20, 0x25, 0x09, 0x10, 0x00, 0xE2, 0x01, 0x08, 0xF9, 0x08, 0x20, 0x01, 0xFF, 0xF1, 0x13, 0x22, 0x49, 0x08, 0xC9, 0x08, 0x20, 0x01, 0x09, 0x19, 0x08, 0x20, 0x25, 0x09, 0x20, 0x00, 0xE2, 0x01, 0x09, 0x31, 0x08, 0x20, 0x01, 0x00, 0x00, 0x00, 0x00, 0x01, 0x09, 0x40, 0x00, 0xF0, 0x01, 0x09, 0x41, 0x08, 0x20, 0x01, 0xFF, 0xF1, 0x13, 0x22, 0x49, 0x09, 0x29, 0x08, 0x20, 0x01, 0xFF, 0xE9, 0x08, 0x20, 0x25, 0x09, 0x28, 0x00, 0xE2, 0x01, 0x08, 0xC9, 0x08, 0x20, 0x01, 0x08, 0xD0, 0x00, 0xE2, 0x25, 0x08, 0xD9, 0x08, 0x20, 0x01, 0x08, 0xE9, 0x08, 0x22, 0x41, 0x09, 0x38, 0x00, 0xE2, 0x01, 0x08, 0xE9, 0x08, 0x20, 0x01, 0x09, 0x39, 0x14, 0x22, 0x01, 0x08, 0xF0, 0x00, 0xE2, 0x01, 0x09, 0x10, 0x00, 0xC0, 0x01, 0x00, 0x07, 0xFF, 0xA0, 0x01, 0x08, 0xF0, 0x00, 0xC0, 0x01, 0x08, 0xAF, 0xFF, 0x20, 0x81, 0x08, 0x98, 0x00, 0xE2, 0x01, 0x08, 0xBF, 0xFF, 0x40, 0x81, 0x08, 0xA0, 0x00, 0xE4, 0x01, 0xFF, 0xF1, 0x08, 0x20, 0x01, 0xFF, 0xF7, 0xFF, 0x22, 0x41, 0x09, 0x00, 0x00, 0xE2, 0x01, 0x09, 0x20, 0x00, 0xC0, 0x01, 0x00, 0x07, 0xFF, 0xA0, 0x01, 0x09, 0x00, 0x00, 0xC0, 0x01, 0x08, 0xAF, 0xFF, 0x20, 0x81, 0x08, 0x99, 0x08, 0x22, 0x01, 0x08, 0x98, 0x00, 0xE2, 0x01, 0x08, 0xBF, 0xFF, 0x40, 0x81, 0x08, 0xA1, 0x08, 0x44, 0x01, 0x08, 0xA0, 0x00, 0xE4, 0x01, 0x08, 0xD9, 0x08, 0x20, 0x01, 0x09, 0x29, 0x08, 0x22, 0x41, 0x00, 0x00, 0x00, 0x00, 0x01, 0x08, 0xE0, 0x00, 0xF0, 0x01, 0x00, 0x00, 0x00, 0x00, 0x01, 0xFF, 0xF2, 0x82, 0x20, 0x01, 0x09, 0x51, 0x08, 0x22, 0x41, 0x09, 0x70, 0x00, 0xE2, 0x01, 0x09, 0x61, 0x08, 0x20, 0x01, 0x09, 0x51, 0x08, 0x34, 0x01, 0x09, 0x72, 0x83, 0x22, 0x01, 0x09, 0x58, 0x00, 0xE2, 0x01, 0x09, 0x58, 0x00, 0xC0, 0x01, 0x09, 0x68, 0x00, 0xF2, 0x01, 0x08, 0x97, 0xFF, 0x20, 0x01, 0x09, 0x48, 0x00, 0xE2, 0x01, 0x09, 0xAA, 0x84, 0x20, 0x01, 0x09, 0x99, 0x08, 0x22, 0x01, 0x09, 0xA0, 0x00, 0xE2, 0x01, 0x09, 0xA1, 0x08, 0x20, 0x41, 0x08, 0x99, 0x08, 0x22, 0x01, 0x09, 0x78, 0x00, 0xC0, 0x01, 0x09, 0xAF, 0xFF, 0x22, 0x41, 0x09, 0x88, 0x00, 0xE2, 0x01, 0x09, 0x8A, 0x84, 0x20, 0x01, 0x09, 0xA9, 0x08, 0x22, 0x01, 0x09, 0xB0, 0x00, 0xE2, 0x01, 0x09, 0xCA, 0x84, 0x20, 0x01, 0x09, 0xB9, 0x08, 0x22, 0x01, 0x09, 0xC0, 0x00, 0xE2, 0x01, 0x09, 0xC1, 0x08, 0x20, 0x41, 0x08, 0xA1, 0x08, 0x22, 0x01, 0x09, 0x78, 0x00, 0xC0, 0x01, 0x09, 0xCF, 0xFF, 0x22, 0x41, 0x09, 0x90, 0x00, 0xE2, 0x01, 0x09, 0x92, 0x84, 0x20, 0x01, 0x09, 0xC9, 0x08, 0x22, 0x01, 0x09, 0xD0, 0x00, 0xE2, 0x01, 0x09, 0xB1, 0x08, 0x22, 0x01, 0x09, 0xE8, 0x00, 0xE2, 0x01, 0x09, 0xFA, 0x88, 0x20, 0x01, 0x09, 0xF2, 0x89, 0x22, 0x01, 0x09, 0xEA, 0x85, 0x22, 0x01, 0x09, 0xE2, 0x86, 0x22, 0x01, 0x09, 0xDA, 0x87, 0x22, 0x01, 0x0A, 0x00, 0x00, 0xE2, 0x01, 0x0A, 0x00, 0x00, 0xC0, 0x01, 0x0A, 0x07, 0xFF, 0x20, 0x01, 0x00, 0x00, 0x00, 0x00, 0x01, 0x0A, 0x38, 0x00, 0xE2, 0x01, 0x0A, 0x40, 0x00, 0xF2, 0x01, 0x0A, 0x19, 0x08, 0x20, 0x01, 0x0A, 0x1A, 0xAB, 0x22, 0x41, 0x0A, 0x42, 0xAB, 0x22, 0x01, 0x0A, 0x09, 0x08, 0x34, 0x01, 0x0A, 0x0A, 0xAB, 0x22, 0x41, 0x0A, 0x3A, 0xAB, 0x82, 0x01, 0x0A, 0x3A, 0xAB, 0x22, 0x01, 0x00, 0x00, 0x00, 0x00, 0x01, 0x0A, 0x10, 0x00, 0xE2, 0x01, 0x0A, 0x20, 0x00, 0xF2, 0x01, 0x0A, 0x48, 0x00, 0xF6, 0x01, 0x0A, 0x49, 0x1A, 0x20, 0x01, 0x00, 0x00, 0x00, 0x00, 0x01, 0x0A, 0x50, 0x00, 0xE2, 0x01, 0x0A, 0x58, 0x00, 0xF2, 0x01, 0x0A, 0x50, 0x00, 0xC0, 0x01, 0x00, 0x00, 0x00, 0x00, 0x01, 0x00, 0x02, 0x8B, 0xA1, 0x01, 0xFF, 0xE1, 0x08, 0x20, 0x01, 0x00, 0x02, 0x8A, 0xA1, 0x01, 0xFF, 0xE1, 0x08, 0x22, 0x41, 0x0A, 0x28, 0x00, 0xE2, 0x01, 0x0A, 0x58, 0x00, 0xC0, 0x01, 0x0A, 0x2F, 0xFF, 0x20, 0x01, 0xFF, 0xE1, 0x08, 0x22, 0x01, 0x09, 0x80, 0x00, 0xE2, 0x01, 0x09, 0x49, 0x08, 0x20, 0x01, 0xFF, 0x78, 0x00, 0x02, 0x01, 0x09, 0x49, 0x08, 0x20, 0x01, 0xFF, 0x80, 0x00, 0x02, 0x01, 0x09, 0x91, 0x08, 0x20, 0x01, 0xFF, 0x70, 0x00, 0x02, 0x01, 0x09, 0x89, 0x08, 0x20, 0x01, 0xFF, 0x68, 0x00, 0x02, 0x01, 0xFF, 0xF2, 0xAC, 0x20, 0x01, 0x0A, 0xA1, 0x08, 0x22, 0x41, 0x0A, 0xC0, 0x00, 0xE2, 0x01, 0x0A, 0xB1, 0x08, 0x20, 0x01, 0x0A, 0xA1, 0x08, 0x34, 0x01, 0x0A, 0xC2, 0xAD, 0x22, 0x01, 0x0A, 0xA8, 0x00, 0xE2, 0x01, 0x0A, 0xA8, 0x00, 0xC0, 0x01, 0x0A, 0xB8, 0x00, 0xF2, 0x01, 0x09, 0x8F, 0xFF, 0x20, 0x01, 0x0A, 0x60, 0x00, 0xE2, 0x01, 0x09, 0x97, 0xFF, 0x20, 0x01, 0x0A, 0x68, 0x00, 0xE2, 0x01, 0x09, 0x8F, 0xFF, 0x20, 0x01, 0x0A, 0x70, 0x00, 0xE2, 0x01, 0x09, 0x97, 0xFF, 0x20, 0x01, 0x0A, 0x78, 0x00, 0xE2, 0x01, 0x09, 0x8F, 0xFF, 0x20, 0x01, 0x0A, 0x80, 0x00, 0xE2, 0x01, 0x09, 0x97, 0xFF, 0x20, 0x01, 0x0A, 0x88, 0x00, 0xE2, 0x01, 0x09, 0x8F, 0xFF, 0x20, 0x01, 0x0A, 0x90, 0x00, 0xE2, 0x01, 0x09, 0x97, 0xFF, 0x20, 0x01, 0x0A, 0x98, 0x00, 0xE2, 0x01, 0x0A, 0x61, 0x08, 0x20, 0x01, 0xFF, 0x28, 0x00, 0x02, 0x01, 0x0A, 0x69, 0x08, 0x20, 0x01, 0xFF, 0x30, 0x00, 0x02, 0x01, 0x0A, 0x71, 0x08, 0x20, 0x01, 0xFF, 0x38, 0x00, 0x02, 0x01, 0x0A, 0x79, 0x08, 0x20, 0x01, 0xFF, 0x40, 0x00, 0x02, 0x01, 0x0A, 0x81, 0x08, 0x20, 0x01, 0xFF, 0x48, 0x00, 0x02, 0x01, 0x0A, 0x89, 0x08, 0x20, 0x01, 0xFF, 0x50, 0x00, 0x02, 0x01, 0x0A, 0x91, 0x08, 0x20, 0x01, 0xFF, 0x58, 0x00, 0x02, 0x01, 0x0A, 0x99, 0x08, 0x20, 0x01, 0xFF, 0x60, 0x00, 0x02, 0x01, 0x00, 0x00, 0x00, 0x00, 0x01, 0x00, 0x00, 0x00, 0x00, 0x01, 0x00, 0x00, 0x00, 0x00, 0x01, 0x00, 0x00, 0x00, 0x00, 0x01, 0x00, 0x00, 0x00, 0x00, 0x01, 0x00, 0x00, 0x00, 0x00, 0x01, 0x00, 0x00, 0x00, 0x00, 0x01, 0x00, 0x00, 0x00, 0x00, 0x01, 0x00, 0x00, 0x00, 0x00, 0x01, 0x00, 0x00, 0x00, 0x00, 0x01, 0x00, 0x00, 0x00, 0x00, 0x01, 0x00, 0x00, 0x00, 0x00, 0x01, 0x00, 0x00, 0x00, 0x00, 0x01, 0x00, 0x00, 0x00, 0x00, 0x01, 0x00, 0x00, 0x00, 0x00, 0x01, 0x00, 0x00, 0x00, 0x00, 0x01, 0x00, 0x00, 0x00, 0x00, 0x01, 0x00, 0x00, 0x00, 0x00, 0x01, 0x00, 0x00, 0x00, 0x00, 0x01, 0x00, 0x00, 0x00, 0x00, 0x01, 0x00, 0x00, 0x00, 0x00, 0x01, 0x00, 0x00, 0x00, 0x00, 0x01, 0x00, 0x00, 0x00, 0x00, 0x01, 0x00, 0x00, 0x00, 0x00, 0x01, 0x00, 0x00, 0x00, 0x00, 0x01, 0x00, 0x00, 0x00, 0x00, 0x01, 0x00, 0x00, 0x00, 0x00, 0x01, 0x00, 0x00, 0x00, 0x00, 0x01, 0x00, 0x00, 0x00, 0x00, 0x01, 0x00, 0x00, 0x00, 0x00, 0x01, 0x00, 0x00, 0x00, 0x00, 0x01, 0x00, 0x00, 0x00, 0x00, 0x01, 0x00, 0x00, 0x00, 0x00, 0x01, 0x00, 0x00, 0x00, 0x00, 0x01, 0x00, 0x00, 0x00, 0x00, 0x01, 0x00, 0x00, 0x00, 0x00, 0x01, 0x00, 0x00, 0x00, 0x00, 0x01, 0x00, 0x00, 0x00, 0x00, 0x01, 0x00, 0x00, 0x00, 0x00, 0x01, 0x00, 0x00, 0x00, 0x00, 0x01, 0x00, 0x00, 0x00, 0x00, 0x01, 0x00, 0x00, 0x00, 0x00, 0x01, 0x00, 0x00, 0x00, 0x00, 0x01, 0x00, 0x00, 0x00, 0x00, 0x01, 0x00, 0x00, 0x00, 0x00, 0x01, 0x00, 0x00, 0x00, 0x00, 0x01, 0x00, 0x00, 0x00, 0x00, 0x01, 0x00, 0x00, 0x00, 0x00, 0x01, 0x00, 0x00, 0x00, 0x00, 0x01, 0x00, 0x00, 0x00, 0x00, 0x01, 0x00, 0x00, 0x00, 0x00, 0x01, 0x00, 0x00, 0x00, 0x00, 0x01, 0x00, 0x00, 0x00, 0x00, 0x01, 0x00, 0x00, 0x00, 0x00, 0x01, 0x00, 0x00, 0x00, 0x00, 0x01, 0x00, 0x00, 0x00, 0x00, 0x01, 0x00, 0x00, 0x00, 0x00, 0x01, 0x00, 0x00, 0x00, 0x00, 0x01, 0x00, 0x00, 0x00, 0x00, 0x01, 0x00, 0x00, 0x00, 0x00, 0x01, 0x00, 0x00, 0x00, 0x00, 0x01, 0x00, 0x00, 0x00, 0x00, 0x01, 0x00, 0x00, 0x00, 0x00, 0x01, 0x00, 0x00, 0x00, 0x00, 0x01, 0x00, 0x00, 0x00, 0x00, 0x01, 0x00, 0x00, 0x00, 0x00, 0x01, 0x00, 0x00, 0x00, 0x00, 0x01, 0x00, 0x00, 0x00, 0x00, 0x01, 0x00, 0x00, 0x00, 0x00, 0x01, 0x00, 0x00, 0x00, 0x00, 0x01, 0x00, 0x00, 0x00, 0x00, 0x01, 0x00, 0x00, 0x00, 0x00, 0x01, 0x00, 0x00, 0x00, 0x00, 0x01, 0x00, 0x00, 0x00, 0x00, 0x01, 0x00, 0x00, 0x00, 0x00, 0x01, 0x00, 0x00, 0x00, 0x00, 0x01, 0x00, 0x00, 0x00, 0x00, 0x01, 0x00, 0x00, 0x00, 0x00, 0x01, 0x00, 0x00, 0x00, 0x00, 0x01, 0x00, 0x00, 0x00, 0x00, 0x01, 0x00, 0x00, 0x00, 0x00, 0x01, 0x00, 0x00, 0x00, 0x00, 0x01, 0x00, 0x00, 0x00, 0x00, 0x01, 0x00, 0x00, 0x00, 0x00, 0x01, 0x00, 0x00, 0x00, 0x00, 0x01, 0x00, 0x00, 0x00, 0x00, 0x01, 0x00, 0x00, 0x00, 0x00, 0x01, 0x00, 0x00, 0x00, 0x00, 0x01, 0x00, 0x00, 0x00, 0x00, 0x01, 0x00, 0x00, 0x00, 0x00, 0x01, 0x00, 0x00, 0x00, 0x00, 0x01, 0x00, 0x00, 0x00, 0x00, 0x01, 0x00, 0x00, 0x00, 0x00, 0x01, 0x00, 0x00, 0x00, 0x00, 0x01, 0x00, 0x00, 0x00, 0x00, 0x01, 0x00, 0x00, 0x00, 0x00, 0x01, 0x00, 0x00, 0x00, 0x00, 0x01, 0x00, 0x00, 0x00, 0x00, 0x01, 0x00, 0x00, 0x00, 0x00, 0x01, 0x00, 0x00, 0x00, 0x00, 0x01, 0x00, 0x00, 0x00, 0x00, 0x01, 0x00, 0x00, 0x00, 0x00, 0x01, 0x00, 0x00, 0x00, 0x00, 0x01, 0x00, 0x00, 0x00, 0x00, 0x01, 0x00, 0x00, 0x00, 0x00, 0x01, 0x00, 0x00, 0x00, 0x00, 0x01, 0x00, 0x00, 0x00, 0x00, 0x01, 0x00, 0x00, 0x00, 0x00, 0x01, 0x00, 0x00, 0x00, 0x00, 0x01, 0x00, 0x00, 0x00, 0x00, 0x01, 0x00, 0x00, 0x00, 0x00, 0x01, 0x00, 0x00, 0x00, 0x00, 0x01, 0x00, 0x00, 0x00, 0x00, 0x01, 0x00, 0x00, 0x00, 0x00, 0x01, 0x00, 0x00, 0x00, 0x00, 0x01, 0x00, 0x00, 0x00, 0x00, 0x01, 0x00, 0x00, 0x00, 0x00, 0x01, 0x00, 0x00, 0x00, 0x00, 0x01, 0x00, 0x00, 0x00, 0x00, 0x01, 0x00, 0x00, 0x00, 0x00, 0x01, 0x00, 0x00, 0x00, 0x00, 0x01, 0x00, 0x00, 0x00, 0x00, 0x01, 0x00, 0x00, 0x00, 0x00, 0x01, 0x00, 0x00, 0x00, 0x00, 0x01, 0x00, 0x00, 0x00, 0x00, 0x01, 0x00, 0x00, 0x00, 0x00, 0x01, 0x00, 0x00, 0x00, 0x00, 0x01, 0x00, 0x00, 0x00, 0x00, 0x01, 0x00, 0x00, 0x00, 0x00, 0x01, 0x00, 0x00, 0x00, 0x00, 0x01, 0x00, 0x00, 0x00, 0x00, 0x01, 0x00, 0x00, 0x00, 0x00, 0x01, 0x00, 0x00, 0x00, 0x00, 0x01, 0x00, 0x00, 0x00, 0x00, 0x01, 0x00, 0x00, 0x00, 0x00, 0x01, 0x00, 0x00, 0x00, 0x00, 0x01, 0x00, 0x00, 0x00, 0x00, 0x01, 0x00, 0x00, 0x00, 0x00, 0x01, 0x00, 0x00, 0x00, 0x00, 0x01, 0x00, 0x00, 0x00, 0x00, 0x01, 0x00, 0x00, 0x00, 0x00, 0x01, 0x00, 0x00, 0x00, 0x00, 0x01, 0x00, 0x00, 0x00, 0x00, 0x01, 0x00, 0x00, 0x00, 0x00, 0x01, 0x00, 0x00, 0x00, 0x00, 0x01, 0x00, 0x00, 0x00, 0x00, 0x01, 0x00, 0x00, 0x00, 0x00, 0x01, 0x00, 0x00, 0x00, 0x00, 0x01, 0x00, 0x00, 0x00, 0x00, 0x01, 0x00, 0x00, 0x00, 0x00, 0x01, 0x00, 0x00, 0x00, 0x00, 0x01, 0x00, 0x00, 0x00, 0x00, 0x01, 0x00, 0x00, 0x00, 0x00, 0x01, 0x00, 0x00, 0x00, 0x00, 0x01, 0x00, 0x00, 0x00, 0x00, 0x01, 0x00, 0x00, 0x00, 0x00, 0x01, 0x00, 0x00, 0x00, 0x00, 0x01, 0x00, 0x00, 0x00, 0x00, 0x01, 0x00, 0x00, 0x00, 0x00, 0x01, 0x00, 0x00, 0x00, 0x00, 0x01, 0x00, 0x00, 0x00, 0x00, 0x01, 0x00, 0x00, 0x00, 0x00, 0x01, 0x00, 0x00, 0x00, 0x00, 0x01, 0x00, 0x00, 0x00, 0x00, 0x01, 0x00, 0x00, 0x00, 0x00, 0x01, 0x00, 0x00, 0x00, 0x00, 0x01, 0x00, 0x00, 0x00, 0x00, 0x01, 0x00, 0x00, 0x00, 0x00, 0x01, </Data>
        </Program>
        <Register>
            <Name>Param</Name>
            <Address>0</Address>
            <Size>4096</Size>
            <Data>0x00, 0x00, 0x00, 0x00, 0x00, 0xBE, 0xCE, 0xB1, 0x00, 0x05, 0x46, 0x4B, 0x00, 0x00, 0x00, 0x00, 0x00, 0xBE, 0xCE, 0xB1, 0x00, 0x05, 0x46, 0x4B, 0x00, 0x00, 0x00, 0x00, 0x00, 0x00, 0x4E, 0xB0, 0x00, 0x00, 0x01, 0xE0, 0x00, 0x00, 0x07, 0x1C, 0x00, 0x00, 0x4E, 0xB0, 0x00, 0x00, 0x01, 0xE0, 0x00, 0x00, 0x07, 0x1C, 0x00, 0x5A, 0x9D, 0xF8, 0x00, 0x00, 0x00, 0x00, 0x00, 0x00, 0x00, 0x00, 0x00, 0x00, 0x00, 0x00, 0x00, 0x00, 0x00, 0x00, 0x00, 0x80, 0x00, 0x00, 0x00, 0x00, 0x00, 0x00, 0x00, 0x00, 0x00, 0x00, 0x00, 0x00, 0x00, 0x00, 0x00, 0x00, 0x00, 0x00, 0x00, 0x04, 0x0C, 0x37, 0x00, 0x04, 0x0C, 0x37, 0x00, 0x5A, 0x9D, 0xF8, 0x00, 0x00, 0x00, 0x00, 0x00, 0x00, 0x00, 0x00, 0x00, 0x00, 0x00, 0x00, 0x00, 0x00, 0x00, 0x00, 0x00, 0x80, 0x00, 0x00, 0x00, 0x00, 0x00, 0x00, 0x00, 0x00, 0x00, 0x00, 0x00, 0x00, 0x00, 0x00, 0x00, 0x00, 0x00, 0x00, 0x00, 0x00, 0x0F, 0xB9, 0x00, 0x00, 0x03, 0x8E, 0x00, 0x00, 0x01, 0x54, 0x00, 0x00, 0x02, 0xA8, 0x00, 0x00, 0x01, 0x54, 0x00, 0xFD, 0xF3, 0x4B, 0x0F, 0x82, 0x07, 0x65, 0x00, 0x02, 0xC6, 0x9C, 0x0F, 0xFD, 0x78, 0xB3, 0x0F, 0xFF, 0xC1, 0x1B, 0x00, 0xFC, 0xDA, 0x44, 0x0F, 0x82, 0xFC, 0xA7, 0x00, 0x04, 0x3C, 0xCF, 0x0F, 0xFD, 0x81, 0x62, 0x0F, 0xFE, 0x43, 0x6E, 0x00, 0xF9, 0x75, 0xBD, 0x0F, 0x85, 0xE7, 0xE0, 0x00, 0x07, 0x10, 0x98, 0x0F, 0xFD, 0x94, 0x8D, 0x0F, 0xFB, 0x61, 0x32, 0x00, 0xF1, 0xF8, 0xC3, 0x0F, 0x8B, 0x8D, 0x28, 0x00, 0x0E, 0xDF, 0x92, 0x0F, 0xFD, 0xDA, 0xE7, 0x0F, 0xF3, 0x6A, 0x4D, 0x00, 0xD6, 0x7D, 0xD0, 0x0F, 0x9B, 0x24, 0xCE, 0x00, 0x1A, 0x25, 0x7A, 0x0F, 0xFE, 0x70, 0x38, 0x0F, 0xE7, 0xEA, 0xC5, 0x00, 0x9C, 0x2A, 0x09, 0x0F, 0xB1, 0xA7, 0x84, 0x00, 0x40, 0x59, 0x31, 0x0F, 0x7F, 0x4D, 0x9D, 0x00, 0x40, 0x59, 0x31, 0x00, 0x5F, 0x32, 0x2C, 0x0F, 0xDD, 0xCD, 0x66, 0x00, 0x02, 0xC4, 0x78, 0x00, 0x05, 0x88, 0xEF, 0x00, 0x02, 0xC4, 0x78, 0x00, 0xC5, 0x84, 0xFE, 0xFF, 0xAF, 0x69, 0x23, 0x00, 0x65, 0x86, 0xF7, 0xFF, 0x34, 0xF2, 0x12, 0x00, 0x65, 0x86, 0xF7, 0x00, 0xC5, 0x84, 0xFE, 0xFF, 0xAF, 0x69, 0x23, 0x00, 0x99, 0x99, 0x9A, 0x00, 0x6A, 0x56, 0xA5, 0x00, 0x80, 0x65, 0x23, 0x00, 0x80, 0x00, 0x00, 0x00, 0x80, 0x00, 0x00, 0x00, 0x80, 0x00, 0x00, 0x00, 0x80, 0x00, 0x00, 0x00, 0x80, 0x00, 0x00, 0x00, 0x80, 0x00, 0x00, 0x00, 0x80, 0x00, 0x00, 0x00, 0x80, 0x00, 0x00, 0x00, 0x80, 0x00, 0x00, 0x00, 0x80, 0x00, 0x00, 0x00, 0x80, 0x00, 0x00, 0x00, 0x80, 0x00, 0x00, 0x00, 0x80, 0x00, 0x00, 0x00, 0x80, 0x00, 0x00, 0x00, 0x80, 0x00, 0x00, 0x00, 0x80, 0x00, 0x00, 0x00, 0x80, 0x00, 0x00, 0x00, 0x80, 0x00, 0x00, 0x00, 0x80, 0x00, 0x00, 0x00, 0x80, 0x00, 0x00, 0x00, 0x80, 0x00, 0x00, 0x00, 0x80, 0x00, 0x00, 0x00, 0x80, 0x00, 0x00, 0x00, 0x80, 0x00, 0x00, 0x00, 0x80, 0x00, 0x00, 0x00, 0x80, 0x00, 0x00, 0x00, 0x80, 0x00, 0x00, 0x00, 0x80, 0x00, 0x00, 0x00, 0x75, 0x69, 0x4C, 0x00, 0x5A, 0x9D, 0xF8, 0x00, 0x45, 0xEF, 0xFF, 0x00, 0x35, 0xFA, 0x27, 0x00, 0x29, 0xA8, 0xBB, 0x00, 0x20, 0x26, 0xF3, 0x00, 0x06, 0x4A, 0x36, 0x00, 0x00, 0x01, 0x6C, 0x00, 0x00, 0x5D, 0xC0, 0x00, 0x07, 0x8D, 0x75, 0x00, 0x02, 0x78, 0x8C, 0x00, 0x00, 0x00, 0xE5, 0x00, 0x00, 0x01, 0xCA, 0x00, 0x00, 0x00, 0xE5, 0x00, 0xFF, 0x09, 0xF5, 0x0F, 0x80, 0xF2, 0x76, 0x00, 0x00, 0x00, 0x00, 0x00, 0x80, 0x00, 0x00, 0x00, 0x00, 0x08, 0x00, 0x00, 0x00, 0xC1, 0x05, 0x00, 0x00, 0x08, 0x93, 0x00, 0x00, 0x11, 0x26, 0x00, 0x00, 0x08, 0x93, 0x00, 0xFA, 0x13, 0x8A, 0x0F, 0x85, 0xCA, 0x2A, 0x00, 0x14, 0x49, 0x61, 0x00, 0x14, 0x49, 0x61, 0x00, 0x14, 0x49, 0x61, 0x00, 0x14, 0x49, 0x61, 0x00, 0x14, 0x49, 0x61, 0x00, 0x14, 0x49, 0x61, 0x00, 0x14, 0x49, 0x61, 0x00, 0x14, 0x49, 0x61, 0x00, 0x14, 0x49, 0x61, 0x00, 0x14, 0x49, 0x61, 0x00, 0x14, 0x49, 0x61, 0x00, 0x14, 0x49, 0x61, 0x00, 0x14, 0x49, 0x61, 0x00, 0x14, 0x49, 0x61, 0x00, 0x14, 0x49, 0x61, 0x00, 0x14, 0x49, 0x61, 0x00, 0x14, 0x49, 0x61, 0x00, 0x14, 0x49, 0x61, 0x00, 0x14, 0x49, 0x61, 0x00, 0x14, 0x49, 0x61, 0x00, 0x14, 0x49, 0x61, 0x00, 0x14, 0x49, 0x61, 0x00, 0x14, 0x49, 0x61, 0x00, 0x14, 0x49, 0x61, 0x00, 0x19, 0x8A, 0x13, 0x00, 0x32, 0xF5, 0x2D, 0x00, 0x65, 0xAC, 0x8C, 0x00, 0xCA, 0xDD, 0xC8, 0x00, 0xE3, 0x9E, 0xA9, 0x00, 0xE3, 0x9E, 0xA9, 0x00, 0xE3, 0x9E, 0xA9, 0x00, 0xE3, 0x9E, 0xA9, 0x00, 0xE3, 0x9E, 0xA9, 0x00, 0x00, 0x06, 0xD3, 0x00, 0x80, 0x00, 0x00, 0x00, 0x00, 0x08, 0x00, 0x00, 0x00, 0x00, 0x00, 0x00, 0x00, 0x00, 0x00, 0x00, 0x00, 0x00, 0x00, 0x00, 0x00, 0x00, 0x00, 0x00, 0x00, 0x00, 0x00, 0x00, 0x00, 0x00, 0x00, 0x00, 0x00, 0x00, 0x00, 0x00, 0x00, 0x00, 0x00, 0x00, 0x00, 0x00, 0x00, 0x00, 0x00, 0x00, 0x00, 0x00, 0x00, 0x00, 0x00, 0x00, 0x00, 0x00, 0x00, 0x00, 0x00, 0x00, 0x00, 0x00, 0x00, 0x00, 0x00, 0x00, 0x00, 0x00, 0x00, 0x00, 0x00, 0x00, 0x00, 0x00, 0x00, 0x00, 0x00, 0x00, 0x00, 0x00, 0x00, 0x00, 0x00, 0x00, 0x00, 0x00, 0x00, 0x00, 0x00, 0x00, 0x00, 0x00, 0x00, 0x00, 0x00, 0x00, 0x00, 0x00, 0x00, 0x00, 0x00, 0x00, 0x00, 0x00, 0x00, 0x00, 0x00, 0x00, 0x00, 0x00, 0x00, 0x00, 0x00, 0x00, 0x00, 0x00, 0x00, 0x00, 0x00, 0x00, 0x00, 0x00, 0x00, 0x00, 0x00, 0x00, 0x00, 0x00, 0x00, 0x00, 0x00, 0x00, 0x00, 0x00, 0x00, 0x00, 0x00, 0x00, 0x00, 0x00, 0x00, 0x00, 0x00, 0x00, 0x00, 0x00, 0x00, 0x00, 0x00, 0x00, 0x00, 0x00, 0x00, 0x00, 0x00, 0x00, 0x00, 0x00, 0x00, 0x00, 0x00, 0x00, 0x00, 0x00, 0x00, 0x00, 0x00, 0x00, 0x00, 0x00, 0x00, 0x00, 0x00, 0x00, 0x00, 0x00, 0x00, 0x00, 0x00, 0x00, 0x00, 0x00, 0x00, 0x00, 0x00, 0x00, 0x00, 0x00, 0x00, 0x00, 0x00, 0x00, 0x00, 0x00, 0x00, 0x00, 0x00, 0x00, 0x00, 0x00, 0x00, 0x00, 0x00, 0x00, 0x00, 0x00, 0x00, 0x00, 0x00, 0x00, 0x00, 0x00, 0x00, 0x00, 0x00, 0x00, 0x00, 0x00, 0x00, 0x00, 0x00, 0x00, 0x00, 0x00, 0x00, 0x00, 0x00, 0x00, 0x00, 0x00, 0x00, 0x00, 0x00, 0x00, 0x00, 0x00, 0x00, 0x00, 0x00, 0x00, 0x00, 0x00, 0x00, 0x00, 0x00, 0x00, 0x00, 0x00, 0x00, 0x00, 0x00, 0x00, 0x00, 0x00, 0x00, 0x00, 0x00, 0x00, 0x00, 0x00, 0x00, 0x00, 0x00, 0x00, 0x00, 0x00, 0x00, 0x00, 0x00, 0x00, 0x00, 0x00, 0x00, 0x00, 0x00, 0x00, 0x00, 0x00, 0x00, 0x00, 0x00, 0x00, 0x00, 0x00, 0x00, 0x00, 0x00, 0x00, 0x00, 0x00, 0x00, 0x00, 0x00, 0x00, 0x00, 0x00, 0x00, 0x00, 0x00, 0x00, 0x00, 0x00, 0x00, 0x00, 0x00, 0x00, 0x00, 0x00, 0x00, 0x00, 0x00, 0x00, 0x00, 0x00, 0x00, 0x00, 0x00, 0x00, 0x00, 0x00, 0x00, 0x00, 0x00, 0x00, 0x00, 0x00, 0x00, 0x00, 0x00, 0x00, 0x00, 0x00, 0x00, 0x00, 0x00, 0x00, 0x00, 0x00, 0x00, 0x00, 0x00, 0x00, 0x00, 0x00, 0x00, 0x00, 0x00, 0x00, 0x00, 0x00, 0x00, 0x00, 0x00, 0x00, 0x00, 0x00, 0x00, 0x00, 0x00, 0x00, 0x00, 0x00, 0x00, 0x00, 0x00, 0x00, 0x00, 0x00, 0x00, 0x00, 0x00, 0x00, 0x00, 0x00, 0x00, 0x00, 0x00, 0x00, 0x00, 0x00, 0x00, 0x00, 0x00, 0x00, 0x00, 0x00, 0x00, 0x00, 0x00, 0x00, 0x00, 0x00, 0x00, 0x00, 0x00, 0x00, 0x00, 0x00, 0x00, 0x00, 0x00, 0x00, 0x00, 0x00, 0x00, 0x00, 0x00, 0x00, 0x00, 0x00, 0x00, 0x00, 0x00, 0x00, 0x00, 0x00, 0x00, 0x00, 0x00, 0x00, 0x00, 0x00, 0x00, 0x00, 0x00, 0x00, 0x00, 0x00, 0x00, 0x00, 0x00, 0x00, 0x00, 0x00, 0x00, 0x00, 0x00, 0x00, 0x00, 0x00, 0x00, 0x00, 0x00, 0x00, 0x00, 0x00, 0x00, 0x00, 0x00, 0x00, 0x00, 0x00, 0x00, 0x00, 0x00, 0x00, 0x00, 0x00, 0x00, 0x00, 0x00, 0x00, 0x00, 0x00, 0x00, 0x00, 0x00, 0x00, 0x00, 0x00, 0x00, 0x00, 0x00, 0x00, 0x00, 0x00, 0x00, 0x00, 0x00, 0x00, 0x00, 0x00, 0x00, 0x00, 0x00, 0x00, 0x00, 0x00, 0x00, 0x00, 0x00, 0x00, 0x00, 0x00, 0x00, 0x00, 0x00, 0x00, 0x00, 0x00, 0x00, 0x00, 0x00, 0x00, 0x00, 0x00, 0x00, 0x00, 0x00, 0x00, 0x00, 0x00, 0x00, 0x00, 0x00, 0x00, 0x00, 0x00, 0x00, 0x00, 0x00, 0x00, 0x00, 0x00, 0x00, 0x00, 0x00, 0x00, 0x00, 0x00, 0x00, 0x00, 0x00, 0x00, 0x00, 0x00, 0x00, 0x00, 0x00, 0x00, 0x00, 0x00, 0x00, 0x00, 0x00, 0x00, 0x00, 0x00, 0x00, 0x00, 0x00, 0x00, 0x00, 0x00, 0x00, 0x00, 0x00, 0x00, 0x00, 0x00, 0x00, 0x00, 0x00, 0x00, 0x00, 0x00, 0x00, 0x00, 0x00, 0x00, 0x00, 0x00, 0x00, 0x00, 0x00, 0x00, 0x00, 0x00, 0x00, 0x00, 0x00, 0x00, 0x00, 0x00, 0x00, 0x00, 0x00, 0x00, 0x00, 0x00, 0x00, 0x00, 0x00, 0x00, 0x00, 0x00, 0x00, 0x00, 0x00, 0x00, 0x00, 0x00, 0x00, 0x00, 0x00, 0x00, 0x00, 0x00, 0x00, 0x00, 0x00, 0x00, 0x00, 0x00, 0x00, 0x00, 0x00, 0x00, 0x00, 0x00, 0x00, 0x00, 0x00, 0x00, 0x00, 0x00, 0x00, 0x00, 0x00, 0x00, 0x00, 0x00, 0x00, 0x00, 0x00, 0x00, 0x00, 0x00, 0x00, 0x00, 0x00, 0x00, 0x00, 0x00, 0x00, 0x00, 0x00, 0x00, 0x00, 0x00, 0x00, 0x00, 0x00, 0x00, 0x00, 0x00, 0x00, 0x00, 0x00, 0x00, 0x00, 0x00, 0x00, 0x00, 0x00, 0x00, 0x00, 0x00, 0x00, 0x00, 0x00, 0x00, 0x00, 0x00, 0x00, 0x00, 0x00, 0x00, 0x00, 0x00, 0x00, 0x00, 0x00, 0x00, 0x00, 0x00, 0x00, 0x00, 0x00, 0x00, 0x00, 0x00, 0x00, 0x00, 0x00, 0x00, 0x00, 0x00, 0x00, 0x00, 0x00, 0x00, 0x00, 0x00, 0x00, 0x00, 0x00, 0x00, 0x00, 0x00, 0x00, 0x00, 0x00, 0x00, 0x00, 0x00, 0x00, 0x00, 0x00, 0x00, 0x00, 0x00, 0x00, 0x00, 0x00, 0x00, 0x00, 0x00, 0x00, 0x00, 0x00, 0x00, 0x00, 0x00, 0x00, 0x00, 0x00, 0x00, 0x00, 0x00, 0x00, 0x00, 0x00, 0x00, 0x00, 0x00, 0x00, 0x00, 0x00, 0x00, 0x00, 0x00, 0x00, 0x00, 0x00, 0x00, 0x00, 0x00, 0x00, 0x00, 0x00, 0x00, 0x00, 0x00, 0x00, 0x00, 0x00, 0x00, 0x00, 0x00, 0x00, 0x00, 0x00, 0x00, 0x00, 0x00, 0x00, 0x00, 0x00, 0x00, 0x00, 0x00, 0x00, 0x00, 0x00, 0x00, 0x00, 0x00, 0x00, 0x00, 0x00, 0x00, 0x00, 0x00, 0x00, 0x00, 0x00, 0x00, 0x00, 0x00, 0x00, 0x00, 0x00, 0x00, 0x00, 0x00, 0x00, 0x00, 0x00, 0x00, 0x00, 0x00, 0x00, 0x00, 0x00, 0x00, 0x00, 0x00, 0x00, 0x00, 0x00, 0x00, 0x00, 0x00, 0x00, 0x00, 0x00, 0x00, 0x00, 0x00, 0x00, 0x00, 0x00, 0x00, 0x00, 0x00, 0x00, 0x00, 0x00, 0x00, 0x00, 0x00, 0x00, 0x00, 0x00, 0x00, 0x00, 0x00, 0x00, 0x00, 0x00, 0x00, 0x00, 0x00, 0x00, 0x00, 0x00, 0x00, 0x00, 0x00, 0x00, 0x00, 0x00, 0x00, 0x00, 0x00, 0x00, 0x00, 0x00, 0x00, 0x00, 0x00, 0x00, 0x00, 0x00, 0x00, 0x00, 0x00, 0x00, 0x00, 0x00, 0x00, 0x00, 0x00, 0x00, 0x00, 0x00, 0x00, 0x00, 0x00, 0x00, 0x00, 0x00, 0x00, 0x00, 0x00, 0x00, 0x00, 0x00, 0x00, 0x00, 0x00, 0x00, 0x00, 0x00, 0x00, 0x00, 0x00, 0x00, 0x00, 0x00, 0x00, 0x00, 0x00, 0x00, 0x00, 0x00, 0x00, 0x00, 0x00, 0x00, 0x00, 0x00, 0x00, 0x00, 0x00, 0x00, 0x00, 0x00, 0x00, 0x00, 0x00, 0x00, 0x00, 0x00, 0x00, 0x00, 0x00, 0x00, 0x00, 0x00, 0x00, 0x00, 0x00, 0x00, 0x00, 0x00, 0x00, 0x00, 0x00, 0x00, 0x00, 0x00, 0x00, 0x00, 0x00, 0x00, 0x00, 0x00, 0x00, 0x00, 0x00, 0x00, 0x00, 0x00, 0x00, 0x00, 0x00, 0x00, 0x00, 0x00, 0x00, 0x00, 0x00, 0x00, 0x00, 0x00, 0x00, 0x00, 0x00, 0x00, 0x00, 0x00, 0x00, 0x00, 0x00, 0x00, 0x00, 0x00, 0x00, 0x00, 0x00, 0x00, 0x00, 0x00, 0x00, 0x00, 0x00, 0x00, 0x00, 0x00, 0x00, 0x00, 0x00, 0x00, 0x00, 0x00, 0x00, 0x00, 0x00, 0x00, 0x00, 0x00, 0x00, 0x00, 0x00, 0x00, 0x00, 0x00, 0x00, 0x00, 0x00, 0x00, 0x00, 0x00, 0x00, 0x00, 0x00, 0x00, 0x00, 0x00, 0x00, 0x00, 0x00, 0x00, 0x00, 0x00, 0x00, 0x00, 0x00, 0x00, 0x00, 0x00, 0x00, 0x00, 0x00, 0x00, 0x00, 0x00, 0x00, 0x00, 0x00, 0x00, 0x00, 0x00, 0x00, 0x00, 0x00, 0x00, 0x00, 0x00, 0x00, 0x00, 0x00, 0x00, 0x00, 0x00, 0x00, 0x00, 0x00, 0x00, 0x00, 0x00, 0x00, 0x00, 0x00, 0x00, 0x00, 0x00, 0x00, 0x00, 0x00, 0x00, 0x00, 0x00, 0x00, 0x00, 0x00, 0x00, 0x00, 0x00, 0x00, 0x00, 0x00, 0x00, 0x00, 0x00, 0x00, 0x00, 0x00, 0x00, 0x00, 0x00, 0x00, 0x00, 0x00, 0x00, 0x00, 0x00, 0x00, 0x00, 0x00, 0x00, 0x00, 0x00, 0x00, 0x00, 0x00, 0x00, 0x00, 0x00, 0x00, 0x00, 0x00, 0x00, 0x00, 0x00, 0x00, 0x00, 0x00, 0x00, 0x00, 0x00, 0x00, 0x00, 0x00, 0x00, 0x00, 0x00, 0x00, 0x00, 0x00, 0x00, 0x00, 0x00, 0x00, 0x00, 0x00, 0x00, 0x00, 0x00, 0x00, 0x00, 0x00, 0x00, 0x00, 0x00, 0x00, 0x00, 0x00, 0x00, 0x00, 0x00, 0x00, 0x00, 0x00, 0x00, 0x00, 0x00, 0x00, 0x00, 0x00, 0x00, 0x00, 0x00, 0x00, 0x00, 0x00, 0x00, 0x00, 0x00, 0x00, 0x00, 0x00, 0x00, 0x00, 0x00, 0x00, 0x00, 0x00, 0x00, 0x00, 0x00, 0x00, 0x00, 0x00, 0x00, 0x00, 0x00, 0x00, 0x00, 0x00, 0x00, 0x00, 0x00, 0x00, 0x00, 0x00, 0x00, 0x00, 0x00, 0x00, 0x00, 0x00, 0x00, 0x00, 0x00, 0x00, 0x00, 0x00, 0x00, 0x00, 0x00, 0x00, 0x00, 0x00, 0x00, 0x00, 0x00, 0x00, 0x00, 0x00, 0x00, 0x00, 0x00, 0x00, 0x00, 0x00, 0x00, 0x00, 0x00, 0x00, 0x00, 0x00, 0x00, 0x00, 0x00, 0x00, 0x00, 0x00, 0x00, 0x00, 0x00, 0x00, 0x00, 0x00, 0x00, 0x00, 0x00, 0x00, 0x00, 0x00, 0x00, 0x00, 0x00, 0x00, 0x00, 0x00, 0x00, 0x00, 0x00, 0x00, 0x00, 0x00, 0x00, 0x00, 0x00, 0x00, 0x00, 0x00, 0x00, 0x00, 0x00, 0x00, 0x00, 0x00, 0x00, 0x00, 0x00, 0x00, 0x00, 0x00, 0x00, 0x00, 0x00, 0x00, 0x00, 0x00, 0x00, 0x00, 0x00, 0x00, 0x00, 0x00, 0x00, 0x00, 0x00, 0x00, 0x00, 0x00, 0x00, 0x00, 0x00, 0x00, 0x00, 0x00, 0x00, 0x00, 0x00, 0x00, 0x00, 0x00, 0x00, 0x00, 0x00, 0x00, 0x00, 0x00, 0x00, 0x00, 0x00, 0x00, 0x00, 0x00, 0x00, 0x00, 0x00, 0x00, 0x00, 0x00, 0x00, 0x00, 0x00, 0x00, 0x00, 0x00, 0x00, 0x00, 0x00, 0x00, 0x00, 0x00, 0x00, 0x00, 0x00, 0x00, 0x00, 0x00, 0x00, 0x00, 0x00, 0x00, 0x00, 0x00, 0x00, 0x00, 0x00, 0x00, 0x00, 0x00, 0x00, 0x00, 0x00, 0x00, 0x00, 0x00, 0x00, 0x00, 0x00, 0x00, 0x00, 0x00, 0x00, 0x00, 0x00, 0x00, 0x00, 0x00, 0x00, 0x00, 0x00, 0x00, 0x00, 0x00, 0x00, 0x00, 0x00, 0x00, 0x00, 0x00, 0x00, 0x00, 0x00, 0x00, 0x00, 0x00, 0x00, 0x00, 0x00, 0x00, 0x00, 0x00, 0x00, 0x00, 0x00, 0x00, 0x00, 0x00, 0x00, 0x00, 0x00, 0x00, 0x00, 0x00, 0x00, 0x00, 0x00, 0x00, 0x00, 0x00, 0x00, 0x00, 0x00, 0x00, 0x00, 0x00, 0x00, 0x00, 0x00, 0x00, 0x00, 0x00, 0x00, 0x00, 0x00, 0x00, 0x00, 0x00, 0x00, 0x00, 0x00, 0x00, 0x00, 0x00, 0x00, 0x00, 0x00, 0x00, 0x00, 0x00, 0x00, 0x00, 0x00, 0x00, 0x00, 0x00, 0x00, 0x00, 0x00, 0x00, 0x00, 0x00, 0x00, 0x00, 0x00, 0x00, 0x00, 0x00, 0x00, 0x00, 0x00, 0x00, 0x00, 0x00, 0x00, 0x00, 0x00, 0x00, 0x00, 0x00, 0x00, 0x00, 0x00, 0x00, 0x00, 0x00, 0x00, 0x00, 0x00, 0x00, 0x00, 0x00, 0x00, 0x00, 0x00, 0x00, 0x00, 0x00, 0x00, 0x00, 0x00, 0x00, 0x00, 0x00, 0x00, 0x00, 0x00, 0x00, 0x00, 0x00, 0x00, 0x00, 0x00, 0x00, 0x00, 0x00, 0x00, 0x00, 0x00, 0x00, 0x00, 0x00, 0x00, 0x00, 0x00, 0x00, 0x00, 0x00, 0x00, 0x00, 0x00, 0x00, 0x00, 0x00, 0x00, 0x00, 0x00, 0x00, 0x00, 0x00, 0x00, 0x00, 0x00, 0x00, 0x00, 0x00, 0x00, 0x00, 0x00, 0x00, 0x00, 0x00, 0x00, 0x00, 0x00, 0x00, 0x00, 0x00, 0x00, 0x00, 0x00, 0x00, 0x00, 0x00, 0x00, 0x00, 0x00, 0x00, 0x00, 0x00, 0x00, 0x00, 0x00, 0x00, 0x00, 0x00, 0x00, 0x00, 0x00, 0x00, 0x00, 0x00, 0x00, 0x00, 0x00, 0x00, 0x00, 0x00, 0x00, 0x00, 0x00, 0x00, 0x00, 0x00, 0x00, 0x00, 0x00, 0x00, 0x00, 0x00, 0x00, 0x00, 0x00, 0x00, 0x00, 0x00, 0x00, 0x00, 0x00, 0x00, 0x00, 0x00, 0x00, 0x00, 0x00, 0x00, 0x00, 0x00, 0x00, 0x00, 0x00, 0x00, 0x00, 0x00, 0x00, 0x00, 0x00, 0x00, 0x00, 0x00, 0x00, 0x00, 0x00, 0x00, 0x00, 0x00, 0x00, 0x00, 0x00, 0x00, 0x00, 0x00, 0x00, 0x00, 0x00, 0x00, 0x00, 0x00, 0x00, 0x00, 0x00, 0x00, 0x00, 0x00, 0x00, 0x00, 0x00, 0x00, 0x00, 0x00, 0x00, 0x00, 0x00, 0x00, 0x00, 0x00, 0x00, 0x00, 0x00, 0x00, 0x00, 0x00, 0x00, 0x00, 0x00, 0x00, 0x00, 0x00, 0x00, 0x00, 0x00, 0x00, 0x00, 0x00, 0x00, 0x00, 0x00, 0x00, 0x00, 0x00, 0x00, 0x00, 0x00, 0x00, 0x00, 0x00, 0x00, 0x00, 0x00, 0x00, 0x00, 0x00, 0x00, 0x00, 0x00, 0x00, 0x00, 0x00, 0x00, 0x00, 0x00, 0x00, 0x00, 0x00, 0x00, 0x00, 0x00, 0x00, 0x00, 0x00, 0x00, 0x00, 0x00, 0x00, 0x00, 0x00, 0x00, 0x00, 0x00, 0x00, 0x00, 0x00, 0x00, 0x00, 0x00, 0x00, 0x00, 0x00, 0x00, 0x00, 0x00, 0x00, 0x00, 0x00, 0x00, 0x00, 0x00, 0x00, 0x00, 0x00, 0x00, 0x00, 0x00, 0x00, 0x00, 0x00, 0x00, 0x00, 0x00, 0x00, 0x00, 0x00, 0x00, 0x00, 0x00, 0x00, 0x00, 0x00, 0x00, 0x00, 0x00, 0x00, 0x00, 0x00, 0x00, 0x00, 0x00, 0x00, 0x00, 0x00, 0x00, 0x00, 0x00, 0x00, 0x00, 0x00, 0x00, 0x00, 0x00, 0x00, 0x00, 0x00, 0x00, 0x00, 0x00, 0x00, 0x00, 0x00, 0x00, 0x00, 0x00, 0x00, 0x00, 0x00, 0x00, 0x00, 0x00, 0x00, 0x00, 0x00, 0x00, 0x00, 0x00, 0x00, 0x00, 0x00, 0x00, 0x00, 0x00, 0x00, 0x00, 0x00, 0x00, 0x00, 0x00, 0x00, 0x00, 0x00, 0x00, 0x00, 0x00, 0x00, 0x00, 0x00, 0x00, 0x00, 0x00, 0x00, 0x00, 0x00, 0x00, 0x00, 0x00, 0x00, 0x00, 0x00, 0x00, 0x00, 0x00, 0x00, 0x00, 0x00, 0x00, 0x00, 0x00, 0x00, 0x00, 0x00, 0x00, 0x00, 0x00, 0x00, 0x00, 0x00, 0x00, 0x00, 0x00, 0x00, 0x00, 0x00, 0x00, 0x00, 0x00, 0x00, 0x00, 0x00, 0x00, 0x00, 0x00, 0x00, 0x00, 0x00, 0x00, 0x00, 0x00, 0x00, 0x00, 0x00, 0x00, 0x00, 0x00, 0x00, 0x00, 0x00, 0x00, 0x00, 0x00, 0x00, 0x00, 0x00, 0x00, 0x00, 0x00, 0x00, 0x00, 0x00, 0x00, 0x00, 0x00, 0x00, 0x00, 0x00, 0x00, 0x00, 0x00, 0x00, 0x00, 0x00, 0x00, 0x00, 0x00, 0x00, 0x00, 0x00, 0x00, 0x00, 0x00, 0x00, 0x00, 0x00, 0x00, 0x00, 0x00, 0x00, 0x00, 0x00, 0x00, 0x00, 0x00, 0x00, 0x00, 0x00, 0x00, 0x00, 0x00, 0x00, 0x00, 0x00, 0x00, 0x00, 0x00, 0x00, 0x00, 0x00, 0x00, 0x00, 0x00, 0x00, 0x00, 0x00, 0x00, 0x00, 0x00, 0x00, 0x00, 0x00, 0x00, 0x00, 0x00, 0x00, 0x00, 0x00, 0x00, 0x00, 0x00, 0x00, 0x00, 0x00, 0x00, 0x00, 0x00, 0x00, 0x00, 0x00, 0x00, 0x00, 0x00, 0x00, 0x00, 0x00, 0x00, 0x00, 0x00, 0x00, 0x00, 0x00, 0x00, 0x00, 0x00, 0x00, 0x00, 0x00, 0x00, 0x00, 0x00, 0x00, 0x00, 0x00, 0x00, 0x00, 0x00, 0x00, 0x00, 0x00, 0x00, 0x00, 0x00, 0x00, 0x00, 0x00, 0x00, 0x00, 0x00, 0x00, 0x00, 0x00, 0x00, 0x00, 0x00, 0x00, 0x00, 0x00, 0x00, 0x00, 0x00, 0x00, 0x00, 0x00, 0x00, 0x00, 0x00, 0x00, 0x00, 0x00, 0x00, 0x00, 0x00, 0x00, 0x00, 0x00, 0x00, 0x00, 0x00, 0x00, 0x00, 0x00, 0x00, 0x00, 0x00, 0x00, 0x00, 0x00, 0x00, 0x00, 0x00, 0x00, 0x00, 0x00, 0x00, 0x00, 0x00, 0x00, 0x00, 0x00, 0x00, 0x00, 0x00, 0x00, 0x00, 0x00, 0x00, 0x00, 0x00, 0x00, 0x00, 0x00, 0x00, 0x00, 0x00, 0x00, 0x00, 0x00, 0x00, 0x00, 0x00, 0x00, 0x00, 0x00, 0x00, 0x00, 0x00, 0x00, 0x00, 0x00, 0x00, 0x00, 0x00, 0x00, 0x00, 0x00, 0x00, 0x00, 0x00, 0x00, 0x00, 0x00, 0x00, 0x00, 0x00, 0x00, 0x00, 0x00, 0x00, 0x00, 0x00, 0x00, 0x00, 0x00, 0x00, 0x00, 0x00, 0x00, 0x00, 0x00, 0x00, 0x00, 0x00, 0x00, 0x00, 0x00, 0x00, 0x00, 0x00, 0x00, 0x00, 0x00, 0x00, 0x00, 0x00, 0x00, 0x00, 0x00, 0x00, 0x00, 0x00, 0x00, 0x00, 0x00, 0x00, 0x00, 0x00, 0x00, 0x00, 0x00, 0x00, 0x00, 0x00, 0x00, 0x00, 0x00, 0x00, 0x00, 0x00, 0x00, 0x00, 0x00, 0x00, 0x00, 0x00, 0x00, 0x00, 0x00, 0x00, 0x00, 0x00, 0x00, 0x00, 0x00, 0x00, 0x00, 0x00, 0x00, 0x00, 0x00, 0x00, 0x00, 0x00, 0x00, 0x00, 0x00, 0x00, 0x00, 0x00, 0x00, 0x00, 0x00, 0x00, 0x00, 0x00, 0x00, 0x00, 0x00, 0x00, 0x00, 0x00, 0x00, 0x00, 0x00, 0x00, 0x00, 0x00, 0x00, 0x00, 0x00, 0x00, 0x00, 0x00, 0x00, 0x00, 0x00, 0x00, 0x00, 0x00, 0x00, 0x00, 0x00, 0x00, 0x00, 0x00, 0x00, 0x00, 0x00, 0x00, 0x00, 0x00, 0x00, 0x00, 0x00, 0x00, 0x00, 0x00, 0x00, 0x00, 0x00, 0x00, 0x00, 0x00, 0x00, 0x00, 0x00, 0x00, 0x00, 0x00, 0x00, 0x00, 0x00, 0x00, 0x00, 0x00, 0x00, 0x00, 0x00, 0x00, 0x00, 0x00, 0x00, 0x00, 0x00, 0x00, 0x00, 0x00, 0x00, 0x00, 0x00, 0x00, 0x00, 0x00, 0x00, 0x00, 0x00, 0x00, 0x00, 0x00, 0x00, 0x00, 0x00, 0x00, 0x00, 0x00, 0x00, 0x00, 0x00, 0x00, 0x00, 0x00, 0x00, 0x00, 0x00, 0x00, 0x00, 0x00, 0x00, 0x00, 0x00, 0x00, 0x00, 0x00, 0x00, 0x00, 0x00, 0x00, 0x00, 0x00, 0x00, 0x00, 0x00, 0x00, 0x00, 0x00, 0x00, 0x00, 0x00, 0x00, 0x00, 0x00, 0x00, 0x00, 0x00, 0x00, 0x00, 0x00, 0x00, 0x00, 0x00, 0x00, 0x00, 0x00, 0x00, 0x00, 0x00, 0x00, 0x00, 0x00, 0x00, 0x00, 0x00, 0x00, 0x00, 0x00, 0x00, 0x00, 0x00, 0x00, 0x00, 0x00, 0x00, 0x00, 0x00, 0x00, 0x00, 0x00, 0x00, 0x00, 0x00, 0x00, 0x00, 0x00, 0x00, 0x00, 0x00, 0x00, 0x00, 0x00, 0x00, 0x00, 0x00, 0x00, 0x00, 0x00, 0x00, 0x00, 0x00, 0x00, 0x00, 0x00, 0x00, 0x00, 0x00, 0x00, 0x00, 0x00, 0x00, 0x00, 0x00, 0x00, 0x00, 0x00, 0x00, 0x00, 0x00, 0x00, 0x00, 0x00, 0x00, 0x00, 0x00, 0x00, 0x00, 0x00, 0x00, 0x00, 0x00, 0x00, 0x00, 0x00, 0x00, 0x00, 0x00, 0x00, 0x00, 0x00, 0x00, 0x00, 0x00, 0x00, 0x00, 0x00, 0x00, 0x00, 0x00, 0x00, 0x00, 0x00, 0x00, 0x00, 0x00, 0x00, 0x00, 0x00, 0x00, 0x00, 0x00, 0x00, 0x00, 0x00, 0x00, 0x00, 0x00, 0x00, 0x00, 0x00, 0x00, 0x00, 0x00, 0x00, 0x00, 0x00, 0x00, 0x00, 0x00, 0x00, 0x00, 0x00, 0x00, 0x00, 0x00, 0x00, 0x00, 0x00, 0x00, 0x00, 0x00, 0x00, 0x00, 0x00, 0x00, 0x00, 0x00, 0x00, 0x00, 0x00, 0x00, 0x00, 0x00, 0x00, 0x00, 0x00, 0x00, 0x00, 0x00, 0x00, 0x00, 0x00, 0x00, 0x00, 0x00, 0x00, 0x00, 0x00, 0x00, 0x00, 0x00, 0x00, 0x00, 0x00, 0x00, 0x00, 0x00, 0x00, 0x00, 0x00, 0x00, 0x00, 0x00, 0x00, 0x00, 0x00, 0x00, 0x00, 0x00, 0x00, 0x00, 0x00, 0x00, 0x00, 0x00, 0x00, 0x00, 0x00, 0x00, 0x00, 0x00, 0x00, 0x00, 0x00, 0x00, 0x00, 0x00, 0x00, 0x00, 0x00, 0x00, 0x00, 0x00, 0x00, 0x00, 0x00, 0x00, 0x00, 0x00, 0x00, 0x00, 0x00, 0x00, 0x00, 0x00, 0x00, 0x00, 0x00, 0x00, 0x00, 0x00, 0x00, 0x00, 0x00, 0x00, 0x00, 0x00, 0x00, 0x00, 0x00, 0x00, 0x00, 0x00, 0x00, 0x00, 0x00, 0x00, 0x00, 0x00, 0x00, 0x00, 0x00, 0x00, 0x00, 0x00, 0x00, 0x00, 0x00, 0x00, 0x00, 0x00, 0x00, 0x00, 0x00, 0x00, 0x00, 0x00, 0x00, 0x00, 0x00, 0x00, 0x00, 0x00, 0x00, 0x00, 0x00, 0x00, 0x00, 0x00, 0x00, 0x00, 0x00, 0x00, 0x00, 0x00, 0x00, 0x00, 0x00, 0x00, 0x00, 0x00, 0x00, 0x00, 0x00, 0x00, 0x00, 0x00, 0x00, 0x00, 0x00, 0x00, 0x00, 0x00, 0x00, 0x00, 0x00, 0x00, 0x00, 0x00, 0x00, 0x00, 0x00, 0x00, 0x00, 0x00, 0x00, 0x00, 0x00, 0x00, 0x00, 0x00, 0x00, 0x00, 0x00, 0x00, 0x00, 0x00, 0x00, 0x00, 0x00, 0x00, 0x00, 0x00, 0x00, 0x00, 0x00, 0x00, 0x00, 0x00, 0x00, 0x00, 0x00, 0x00, 0x00, 0x00, 0x00, 0x00, 0x00, 0x00, 0x00, 0x00, 0x00, 0x00, 0x00, 0x00, 0x00, 0x00, 0x00, 0x00, 0x00, 0x00, 0x00, 0x00, 0x00, 0x00, 0x00, 0x00, 0x00, 0x00, 0x00, 0x00, 0x00, 0x00, 0x00, 0x00, 0x00, 0x00, 0x00, 0x00, 0x00, 0x00, 0x00, 0x00, 0x00, 0x00, 0x00, 0x00, 0x00, 0x00, 0x00, 0x00, 0x00, 0x00, 0x00, 0x00, 0x00, 0x00, 0x00, 0x00, 0x00, 0x00, 0x00, 0x00, 0x00, 0x00, 0x00, 0x00, 0x00, 0x00, 0x00, 0x00, 0x00, 0x00, 0x00, 0x00, 0x00, 0x00, 0x00, 0x00, 0x00, 0x00, 0x00, 0x00, 0x00, 0x00, 0x00, 0x00, 0x00, 0x00, 0x00, 0x00, 0x00, 0x00, 0x00, 0x00, 0x00, 0x00, 0x00, 0x00, 0x00, 0x00, 0x00, 0x00, 0x00, 0x00, 0x00, 0x00, 0x00, 0x00, 0x00, 0x00, 0x00, 0x00, 0x00, 0x00, 0x00, 0x00, 0x00, 0x00, 0x00, 0x00, 0x00, 0x00, 0x00, 0x00, 0x00, 0x00, 0x00, 0x00, 0x00, 0x00, 0x00, 0x00, 0x00, 0x00, 0x00, 0x00, 0x00, 0x00, 0x00, 0x00, 0x00, 0x00, 0x00, 0x00, 0x00, 0x00, 0x00, 0x00, 0x00, 0x00, 0x00, 0x00, 0x00, 0x00, 0x00, 0x00, 0x00, 0x00, 0x00, 0x00, 0x00, 0x00, 0x00, 0x00, 0x00, 0x00, 0x00, 0x00, 0x00, 0x00, 0x00, 0x00, 0x00, 0x00, 0x00, 0x00, 0x00, 0x00, 0x00, 0x00, 0x00, 0x00, 0x00, 0x00, 0x00, 0x00, 0x00, 0x00, 0x00, 0x00, 0x00, 0x00, 0x00, 0x00, 0x00, 0x00, 0x00, 0x00, 0x00, 0x00, 0x00, 0x00, 0x00, 0x00, 0x00, 0x00, 0x00, 0x00, 0x00, 0x00, 0x00, 0x00, 0x00, 0x00, 0x00, 0x00, 0x00, 0x00, 0x00, 0x00, 0x00, 0x00, 0x00, 0x00, 0x00, 0x00, 0x00, 0x00, 0x00, 0x00, 0x00, 0x00, 0x00, 0x00, 0x00, 0x00, 0x00, 0x00, 0x00, 0x00, 0x00, 0x00, 0x00, 0x00, 0x00, 0x00, 0x00, 0x00, 0x00, 0x00, 0x00, 0x00, 0x00, 0x00, 0x00, 0x00, 0x00, 0x00, 0x00, 0x00, 0x00, 0x00, 0x00, 0x00, 0x00, 0x00, 0x00, 0x00, 0x00, 0x00, 0x00, 0x00, 0x00, 0x00, 0x00, 0x00, 0x00, 0x00, 0x00, 0x00, 0x00, 0x00, 0x00, 0x00, 0x00, 0x00, 0x00, 0x00, 0x00, 0x00, 0x00, 0x00, 0x00, 0x00, 0x00, 0x00, 0x00, 0x00, 0x00, 0x00, 0x00, 0x00, 0x00, 0x00, 0x00, 0x00, 0x00, 0x00, 0x00, 0x00, 0x00, 0x00, 0x00, 0x00, 0x00, 0x00, 0x00, 0x00, 0x00, 0x00, 0x00, 0x00, 0x00, 0x00, 0x00, 0x00, 0x00, 0x00, 0x00, 0x00, 0x00, 0x00, 0x00, 0x00, 0x00, 0x00, 0x00, 0x00, 0x00, 0x00, 0x00, 0x00, 0x00, 0x00, 0x00, 0x00, 0x00, 0x00, 0x00, 0x00, 0x00, 0x00, 0x00, 0x00, 0x00, 0x00, 0x00, 0x00, 0x00, 0x00, 0x00, 0x00, 0x00, 0x00, 0x00, 0x00, 0x00, 0x00, 0x00, 0x00, 0x00, 0x00, 0x00, 0x00, 0x00, 0x00, 0x00, 0x00, 0x00, 0x00, 0x00, 0x00, 0x00, 0x00, 0x00, 0x00, 0x00, 0x00, 0x00, 0x00, 0x00, 0x00, 0x00, 0x00, 0x00, 0x00, 0x00, 0x00, 0x00, 0x00, 0x00, 0x00, 0x00, 0x00, 0x00, 0x00, 0x00, 0x00, 0x00, 0x00, 0x00, 0x00, 0x00, 0x00, 0x00, 0x00, 0x00, 0x00, 0x00, 0x00, 0x00, 0x00, 0x00, 0x00, 0x00, 0x00, 0x00, 0x00, 0x00, 0x00, 0x00, 0x00, 0x00, 0x00, 0x00, 0x00, 0x00, 0x00, 0x00, 0x00, 0x00, 0x00, 0x00, 0x00, 0x00, 0x00, 0x00, 0x00, 0x00, 0x00, 0x00, 0x00, 0x00, 0x00, 0x00, 0x00, 0x00, 0x00, 0x00, 0x00, 0x00, 0x00, 0x00, 0x00, 0x00, 0x00, 0x00, 0x00, 0x00, 0x00, 0x00, 0x00, 0x00, 0x00, 0x00, 0x00, 0x00, 0x00, 0x00, 0x00, 0x00, 0x00, 0x00, 0x00, 0x00, 0x00, 0x00, 0x00, 0x00, 0x00, 0x00, 0x00, 0x00, 0x00, 0x00, 0x00, 0x00, 0x00, 0x00, 0x00, 0x00, 0x00, 0x00, 0x00, 0x00, 0x00, 0x00, 0x00, 0x00, 0x00, 0x00, 0x00, 0x00, 0x00, 0x00, 0x00, 0x00, 0x00, 0x00, 0x00, 0x00, 0x00, 0x00, 0x00, 0x00, 0x00, 0x00, 0x00, 0x00, 0x00, 0x00, 0x00, 0x00, 0x00, 0x00, 0x00, 0x00, 0x00, 0x00, 0x00, 0x00, 0x00, 0x00, 0x00, 0x00, 0x00, 0x00, 0x00, 0x00, 0x00, 0x00, 0x00, 0x00, 0x00, 0x00, 0x00, 0x00, 0x00, 0x00, 0x00, 0x00, 0x00, 0x00, 0x00, 0x00, 0x00, 0x00, 0x00, 0x00, 0x00, 0x00, 0x00, 0x00, 0x00, 0x00, 0x00, 0x00, 0x00, 0x00, 0x00, 0x00, 0x00, 0x00, 0x00, 0x00, 0x00, 0x00, 0x00, 0x00, 0x00, 0x00, 0x00, 0x00, 0x00, 0x00, 0x00, 0x00, 0x00, 0x00, 0x00, 0x00, 0x00, 0x00, 0x00, 0x00, 0x00, 0x00, 0x00, 0x00, 0x00, 0x00, 0x00, 0x00, 0x00, 0x00, 0x00, 0x00, 0x00, 0x00, 0x00, 0x00, 0x00, 0x00, 0x00, 0x00, 0x00, 0x00, 0x00, 0x00, 0x00, 0x00, 0x00, 0x00, 0x00, 0x00, 0x00, 0x00, 0x00, 0x00, 0x00, 0x00, 0x00, 0x00, 0x00, 0x00, 0x00, 0x00, 0x00, 0x00, 0x00, 0x00, 0x00, 0x00, 0x00, 0x00, 0x00, 0x00, 0x00, 0x00, 0x00, 0x00, 0x00, 0x00, 0x00, 0x00, 0x00, 0x00, 0x00, 0x00, 0x00, 0x00, 0x00, 0x00, 0x00, 0x00, 0x00, 0x00, 0x00, 0x00, 0x00, 0x00, 0x00, 0x00, 0x00, 0x00, 0x00, 0x00, 0x00, 0x00, 0x00, 0x00, 0x00, 0x00, 0x00, 0x00, 0x00, 0x00, 0x00, 0x00, 0x00, 0x00, 0x00, 0x00, 0x00, 0x00, 0x00, 0x00, 0x00, 0x00, 0x00, 0x00, 0x00, 0x00, 0x00, 0x00, 0x00, 0x00, </Data>
        </Register>
        <Register>
            <Name>IC 1.HWConFiguration</Name>
            <Address>2076</Address>
            <Size>24</Size>
            <Data>0x00, 0x18, 0x08, 0x08, 0x00, 0x00, 0x00, 0x00, 0x00, 0x44, 0x44, 0x44, 0x00, 0x00, 0x00, 0x00, 0x80, 0x00, 0x00, 0x00, 0x00, 0x00, 0x00, 0x01, </Data>
        </Register>
        <Register>
            <Name>IC 1.CoreRegister</Name>
            <Address>2076</Address>
            <Size>2</Size>
            <Data>0x00, 0x1C, </Data>
        </Register>
        <Module>
            <CellName>SW vol 1</CellName>
            <Algorithm>
                <AlgoName>ALG0</AlgoName>
                <Description>Gain (RC Slew)( 1 ) : Gain[ 0 ];</Description>
                <ModuleParameter>
                    <Name>SWGain1940DBAlg1target</Name>
                    <Type>Int32</Type>
                    <Address>172</Address>
                    <Value>1</Value>
                    <Size>4</Size>
                    <Data>0x00, 0x80, 0x00, 0x00, </Data>
                </ModuleParameter>
                <ModuleParameter>
                    <Name>SWGain1940DBAlg1step</Name>
                    <Type>Int32</Type>
                    <Address>173</Address>
                    <Value>0.000244140625</Value>
                    <Size>4</Size>
                    <Data>0x00, 0x00, 0x08, 0x00, </Data>
                </ModuleParameter>
            </Algorithm>
        </Module>
        <Module>
            <CellName>1 X RTA1</CellName>
            <Algorithm>
                <AlgoName>ALG0</AlgoName>
                <Description>Single Band</Description>
                <ModuleParameter>
                    <Name>SingleBandLevelDet1TCONST</Name>
                    <Type>Int32</Type>
                    <Address>10</Address>
                    <Value>0.00240135192871094</Value>
                    <Size>4</Size>
                    <Data>0x00, 0x00, 0x4E, 0xB0, </Data>
                </ModuleParameter>
                <ModuleParameter>
                    <Name>SingleBandLevelDet1hold</Name>
                    <Type>Int32</Type>
                    <Address>11</Address>
                    <Value>480</Value>
                    <Size>4</Size>
                    <Data>0x00, 0x00, 0x01, 0xE0, </Data>
                </ModuleParameter>
                <ModuleParameter>
                    <Name>SingleBandLevelDet1decay</Name>
                    <Type>Int32</Type>
                    <Address>12</Address>
                    <Value>0.000216960906982422</Value>
                    <Size>4</Size>
                    <Data>0x00, 0x00, 0x07, 0x1C, </Data>
                </ModuleParameter>
                <ModuleParameter>
                    <Name>SingleBandLevelDet1</Name>
                    <Type>HexArray</Type>
                    <Address>2074</Address>
                    <Size>2</Size>
                    <Data>0x02, 0x92, </Data>
                </ModuleParameter>
                <ModuleParameter>
                    <Name />
                    <Type>Int32</Type>
                    <Address>2074</Address>
                    <Value>0</Value>
                    <Size>3</Size>
                    <Data>0x00, 0x00, 0x00, </Data>
                </ModuleParameter>
            </Algorithm>
        </Module>
        <Module>
            <CellName>1 X RTA2</CellName>
            <Algorithm>
                <AlgoName>ALG0</AlgoName>
                <Description>Single Band</Description>
                <ModuleParameter>
                    <Name>SingleBandLevelDet2TCONST</Name>
                    <Type>Int32</Type>
                    <Address>7</Address>
                    <Value>0.00240135192871094</Value>
                    <Size>4</Size>
                    <Data>0x00, 0x00, 0x4E, 0xB0, </Data>
                </ModuleParameter>
                <ModuleParameter>
                    <Name>SingleBandLevelDet2hold</Name>
                    <Type>Int32</Type>
                    <Address>8</Address>
                    <Value>480</Value>
                    <Size>4</Size>
                    <Data>0x00, 0x00, 0x01, 0xE0, </Data>
                </ModuleParameter>
                <ModuleParameter>
                    <Name>SingleBandLevelDet2decay</Name>
                    <Type>Int32</Type>
                    <Address>9</Address>
                    <Value>0.000216960906982422</Value>
                    <Size>4</Size>
                    <Data>0x00, 0x00, 0x07, 0x1C, </Data>
                </ModuleParameter>
                <ModuleParameter>
                    <Name>SingleBandLevelDet2</Name>
                    <Type>HexArray</Type>
                    <Address>2074</Address>
                    <Size>2</Size>
                    <Data>0x02, 0x0E, </Data>
                </ModuleParameter>
                <ModuleParameter>
                    <Name />
                    <Type>Int32</Type>
                    <Address>2074</Address>
                    <Value>0</Value>
                    <Size>3</Size>
                    <Data>0x00, 0x00, 0x00, </Data>
                </ModuleParameter>
            </Algorithm>
        </Module>
        <Module>
            <CellName>Bass Boost1</CellName>
            <Algorithm>
                <AlgoName>ALG0</AlgoName>
                <Description>Stereo Dynamic Bass Boost( 1 ) : Frequency[ 45 ],FrequencyL[ 250 ],Boost[ 3 ],Threshold[ -25 ],Gain1[ -5 ],Gain2[ 16 ],TimeConstant[ 100 ];</Description>
                <ModuleParameter>
                    <Name>BassBAlg_stereo1freq_varq</Name>
                    <Type>Int32</Type>
                    <Address>132</Address>
                    <Value>0.00589048862457275</Value>
                    <Size>4</Size>
                    <Data>0x00, 0x00, 0xC1, 0x05, </Data>
                </ModuleParameter>
                <ModuleParameter>
                    <Name>BassBAlg_stereo1iir_coeff_0_biq</Name>
                    <Type>Int32</Type>
                    <Address>133</Address>
                    <Value>0.000261664390563965</Value>
                    <Size>4</Size>
                    <Data>0x00, 0x00, 0x08, 0x93, </Data>
                </ModuleParameter>
                <ModuleParameter>
                    <Name>BassBAlg_stereo1iir_coeff_1_biq</Name>
                    <Type>Int32</Type>
                    <Address>134</Address>
                    <Value>0.00052332878112793</Value>
                    <Size>4</Size>
                    <Data>0x00, 0x00, 0x11, 0x26, </Data>
                </ModuleParameter>
                <ModuleParameter>
                    <Name>BassBAlg_stereo1iir_coeff_2_biq</Name>
                    <Type>Int32</Type>
                    <Address>135</Address>
                    <Value>0.000261664390563965</Value>
                    <Size>4</Size>
                    <Data>0x00, 0x00, 0x08, 0x93, </Data>
                </ModuleParameter>
                <ModuleParameter>
                    <Name>BassBAlg_stereo1iir_coeff_3_biq</Name>
                    <Type>Int32</Type>
                    <Address>136</Address>
                    <Value>1.95372128486633</Value>
                    <Size>4</Size>
                    <Data>0x00, 0xFA, 0x13, 0x8A, </Data>
                </ModuleParameter>
                <ModuleParameter>
                    <Name>BassBAlg_stereo1iir_coeff_4_biq</Name>
                    <Type>Int32</Type>
                    <Address>137</Address>
                    <Value>-0.954767942428589</Value>
                    <Size>4</Size>
                    <Data>0x0F, 0x85, 0xCA, 0x2A, </Data>
                </ModuleParameter>
                <ModuleParameter>
                    <Name>BassBAlg_stereo1compbase_table1_comp</Name>
                    <Type>HexArray</Type>
                    <Address>138</Address>
                    <Size>132</Size>
                    <Data>0x00, 0x14, 0x49, 0x61, 0x00, 0x14, 0x49, 0x61, 0x00, 0x14, 0x49, 0x61, 0x00, 0x14, 0x49, 0x61, 0x00, 0x14, 0x49, 0x61, 0x00, 0x14, 0x49, 0x61, 0x00, 0x14, 0x49, 0x61, 0x00, 0x14, 0x49, 0x61, 0x00, 0x14, 0x49, 0x61, 0x00, 0x14, 0x49, 0x61, 0x00, 0x14, 0x49, 0x61, 0x00, 0x14, 0x49, 0x61, 0x00, 0x14, 0x49, 0x61, 0x00, 0x14, 0x49, 0x61, 0x00, 0x14, 0x49, 0x61, 0x00, 0x14, 0x49, 0x61, 0x00, 0x14, 0x49, 0x61, 0x00, 0x14, 0x49, 0x61, 0x00, 0x14, 0x49, 0x61, 0x00, 0x14, 0x49, 0x61, 0x00, 0x14, 0x49, 0x61, 0x00, 0x14, 0x49, 0x61, 0x00, 0x14, 0x49, 0x61, 0x00, 0x14, 0x49, 0x61, 0x00, 0x19, 0x8A, 0x13, 0x00, 0x32, 0xF5, 0x2D, 0x00, 0x65, 0xAC, 0x8C, 0x00, 0xCA, 0xDD, 0xC8, 0x00, 0xE3, 0x9E, 0xA9, 0x00, 0xE3, 0x9E, 0xA9, 0x00, 0xE3, 0x9E, 0xA9, 0x00, 0xE3, 0x9E, 0xA9, 0x00, 0xE3, 0x9E, 0xA9, </Data>
                </ModuleParameter>
                <ModuleParameter>
                    <Name>BassBAlg_stereo1TCONST_comp</Name>
                    <Type>Int32</Type>
                    <Address>171</Address>
                    <Value>0.000208258628845215</Value>
                    <Size>4</Size>
                    <Data>0x00, 0x00, 0x06, 0xD3, </Data>
                </ModuleParameter>
            </Algorithm>
        </Module>
        <Module>
            <CellName>SPhat1</CellName>
            <Algorithm>
                <AlgoName>ALG0</AlgoName>
                <Description>Super Bass( 1 ) : XOver[ 468 ],Gain[ 1.2 ];</Description>
                <ModuleParameter>
                    <Name>SuperPhatAlg1B0lo</Name>
                    <Type>HexArray</Type>
                    <Address>72</Address>
                    <Size>40</Size>
                    <Data>0x00, 0x02, 0xC4, 0x78, 0x00, 0x05, 0x88, 0xEF, 0x00, 0x02, 0xC4, 0x78, 0x00, 0xC5, 0x84, 0xFE, 0xFF, 0xAF, 0x69, 0x23, 0x00, 0x65, 0x86, 0xF7, 0xFF, 0x34, 0xF2, 0x12, 0x00, 0x65, 0x86, 0xF7, 0x00, 0xC5, 0x84, 0xFE, 0xFF, 0xAF, 0x69, 0x23, </Data>
                </ModuleParameter>
                <ModuleParameter>
                    <Name>SuperPhatAlg1gainHi</Name>
                    <Type>Int32</Type>
                    <Address>82</Address>
                    <Value>1.20000004768372</Value>
                    <Size>4</Size>
                    <Data>0x00, 0x99, 0x99, 0x9A, </Data>
                </ModuleParameter>
                <ModuleParameter>
                    <Name>SuperPhatAlg1gainLo</Name>
                    <Type>Int32</Type>
                    <Address>83</Address>
                    <Value>0.830769181251526</Value>
                    <Size>4</Size>
                    <Data>0x00, 0x6A, 0x56, 0xA5, </Data>
                </ModuleParameter>
                <ModuleParameter>
                    <Name>SuperPhatAlg1gainInv</Name>
                    <Type>Int32</Type>
                    <Address>84</Address>
                    <Value>1.00308644771576</Value>
                    <Size>4</Size>
                    <Data>0x00, 0x80, 0x65, 0x23, </Data>
                </ModuleParameter>
                <ModuleParameter>
                    <Name>SuperPhatAlg1comp_base</Name>
                    <Type>HexArray</Type>
                    <Address>85</Address>
                    <Size>136</Size>
                    <Data>0x00, 0x80, 0x00, 0x00, 0x00, 0x80, 0x00, 0x00, 0x00, 0x80, 0x00, 0x00, 0x00, 0x80, 0x00, 0x00, 0x00, 0x80, 0x00, 0x00, 0x00, 0x80, 0x00, 0x00, 0x00, 0x80, 0x00, 0x00, 0x00, 0x80, 0x00, 0x00, 0x00, 0x80, 0x00, 0x00, 0x00, 0x80, 0x00, 0x00, 0x00, 0x80, 0x00, 0x00, 0x00, 0x80, 0x00, 0x00, 0x00, 0x80, 0x00, 0x00, 0x00, 0x80, 0x00, 0x00, 0x00, 0x80, 0x00, 0x00, 0x00, 0x80, 0x00, 0x00, 0x00, 0x80, 0x00, 0x00, 0x00, 0x80, 0x00, 0x00, 0x00, 0x80, 0x00, 0x00, 0x00, 0x80, 0x00, 0x00, 0x00, 0x80, 0x00, 0x00, 0x00, 0x80, 0x00, 0x00, 0x00, 0x80, 0x00, 0x00, 0x00, 0x80, 0x00, 0x00, 0x00, 0x80, 0x00, 0x00, 0x00, 0x80, 0x00, 0x00, 0x00, 0x80, 0x00, 0x00, 0x00, 0x80, 0x00, 0x00, 0x00, 0x75, 0x69, 0x4C, 0x00, 0x5A, 0x9D, 0xF8, 0x00, 0x45, 0xEF, 0xFF, 0x00, 0x35, 0xFA, 0x27, 0x00, 0x29, 0xA8, 0xBB, 0x00, 0x20, 0x26, 0xF3, </Data>
                </ModuleParameter>
                <ModuleParameter>
                    <Name>SuperPhatAlg1RMS</Name>
                    <Type>Int32</Type>
                    <Address>119</Address>
                    <Value>0.0491397380828857</Value>
                    <Size>4</Size>
                    <Data>0x00, 0x06, 0x4A, 0x36, </Data>
                </ModuleParameter>
                <ModuleParameter>
                    <Name>SuperPhatAlg1decay</Name>
                    <Type>Int32</Type>
                    <Address>120</Address>
                    <Value>4.33921813964844E-05</Value>
                    <Size>4</Size>
                    <Data>0x00, 0x00, 0x01, 0x6C, </Data>
                </ModuleParameter>
                <ModuleParameter>
                    <Name>SuperPhatAlg1hold</Name>
                    <Type>Int32</Type>
                    <Address>121</Address>
                    <Value>24000</Value>
                    <Size>4</Size>
                    <Data>0x00, 0x00, 0x5D, 0xC0, </Data>
                </ModuleParameter>
                <ModuleParameter>
                    <Name>SuperPhatAlg1spread1</Name>
                    <Type>Int32</Type>
                    <Address>122</Address>
                    <Value>0.0590044260025024</Value>
                    <Size>4</Size>
                    <Data>0x00, 0x07, 0x8D, 0x75, </Data>
                </ModuleParameter>
                <ModuleParameter>
                    <Name>SuperPhatAlg1spread2</Name>
                    <Type>Int32</Type>
                    <Address>123</Address>
                    <Value>0.0193037986755371</Value>
                    <Size>4</Size>
                    <Data>0x00, 0x02, 0x78, 0x8C, </Data>
                </ModuleParameter>
            </Algorithm>
        </Module>
        <Module>
            <CellName>Gen Filter1</CellName>
            <Algorithm>
                <AlgoName>ALG0</AlgoName>
                <Description>1 Channel - Single Precision( 2 ) : Gain[ -3 ],Q[ 0.4 ],Boost1[ 0 ],Frequency1[ 100 ],PhaseShifted[ False ],Type[ 0 ];Boost2[ -3 ],Boost3[ -3 ],Frequency1[ 5000 ],Frequency2[ 1000 ],PhaseShifted[ False ],Type[ 4 ];</Description>
                <ModuleParameter>
                    <Name>EQ1940SingleS20B1</Name>
                    <Type>Int32</Type>
                    <Address>25</Address>
                    <Value>0.707945823669434</Value>
                    <Size>4</Size>
                    <Data>0x00, 0x5A, 0x9D, 0xF8, </Data>
                </ModuleParameter>
                <ModuleParameter>
                    <Name>EQ1940SingleS21B1</Name>
                    <Type>Int32</Type>
                    <Address>26</Address>
                    <Value>0</Value>
                    <Size>4</Size>
                    <Data>0x00, 0x00, 0x00, 0x00, </Data>
                </ModuleParameter>
                <ModuleParameter>
                    <Name>EQ1940SingleS22B1</Name>
                    <Type>Int32</Type>
                    <Address>27</Address>
                    <Value>0</Value>
                    <Size>4</Size>
                    <Data>0x00, 0x00, 0x00, 0x00, </Data>
                </ModuleParameter>
                <ModuleParameter>
                    <Name>EQ1940SingleS21A1</Name>
                    <Type>Int32</Type>
                    <Address>28</Address>
                    <Value>0</Value>
                    <Size>4</Size>
                    <Data>0x00, 0x00, 0x00, 0x00, </Data>
                </ModuleParameter>
                <ModuleParameter>
                    <Name>EQ1940SingleS22A1</Name>
                    <Type>Int32</Type>
                    <Address>29</Address>
                    <Value>0</Value>
                    <Size>4</Size>
                    <Data>0x00, 0x00, 0x00, 0x00, </Data>
                </ModuleParameter>
                <ModuleParameter>
                    <Name>EQ1940SingleS20B2</Name>
                    <Type>Int32</Type>
                    <Address>30</Address>
                    <Value>1</Value>
                    <Size>4</Size>
                    <Data>0x00, 0x80, 0x00, 0x00, </Data>
                </ModuleParameter>
                <ModuleParameter>
                    <Name>EQ1940SingleS21B2</Name>
                    <Type>Int32</Type>
                    <Address>31</Address>
                    <Value>0</Value>
                    <Size>4</Size>
                    <Data>0x00, 0x00, 0x00, 0x00, </Data>
                </ModuleParameter>
                <ModuleParameter>
                    <Name>EQ1940SingleS22B2</Name>
                    <Type>Int32</Type>
                    <Address>32</Address>
                    <Value>0</Value>
                    <Size>4</Size>
                    <Data>0x00, 0x00, 0x00, 0x00, </Data>
                </ModuleParameter>
                <ModuleParameter>
                    <Name>EQ1940SingleS21A2</Name>
                    <Type>Int32</Type>
                    <Address>33</Address>
                    <Value>0</Value>
                    <Size>4</Size>
                    <Data>0x00, 0x00, 0x00, 0x00, </Data>
                </ModuleParameter>
                <ModuleParameter>
                    <Name>EQ1940SingleS22A2</Name>
                    <Type>Int32</Type>
                    <Address>34</Address>
                    <Value>0</Value>
                    <Size>4</Size>
                    <Data>0x00, 0x00, 0x00, 0x00, </Data>
                </ModuleParameter>
            </Algorithm>
            <Algorithm>
                <AlgoName>ALG1</AlgoName>
                <Description>1 Channel - Single Precision( 2 ) : Gain[ -3 ],Q[ 0.4 ],Boost1[ 0 ],Frequency1[ 100 ],PhaseShifted[ False ],Type[ 0 ];Boost2[ -5 ],Boost3[ 0 ],Frequency1[ 5000 ],Frequency2[ 1000 ],PhaseShifted[ False ],Type[ 4 ];</Description>
                <ModuleParameter>
                    <Name>EQ1940SingleS10B1</Name>
                    <Type>Int32</Type>
                    <Address>13</Address>
                    <Value>0.707945823669434</Value>
                    <Size>4</Size>
                    <Data>0x00, 0x5A, 0x9D, 0xF8, </Data>
                </ModuleParameter>
                <ModuleParameter>
                    <Name>EQ1940SingleS11B1</Name>
                    <Type>Int32</Type>
                    <Address>14</Address>
                    <Value>0</Value>
                    <Size>4</Size>
                    <Data>0x00, 0x00, 0x00, 0x00, </Data>
                </ModuleParameter>
                <ModuleParameter>
                    <Name>EQ1940SingleS12B1</Name>
                    <Type>Int32</Type>
                    <Address>15</Address>
                    <Value>0</Value>
                    <Size>4</Size>
                    <Data>0x00, 0x00, 0x00, 0x00, </Data>
                </ModuleParameter>
                <ModuleParameter>
                    <Name>EQ1940SingleS11A1</Name>
                    <Type>Int32</Type>
                    <Address>16</Address>
                    <Value>0</Value>
                    <Size>4</Size>
                    <Data>0x00, 0x00, 0x00, 0x00, </Data>
                </ModuleParameter>
                <ModuleParameter>
                    <Name>EQ1940SingleS12A1</Name>
                    <Type>Int32</Type>
                    <Address>17</Address>
                    <Value>0</Value>
                    <Size>4</Size>
                    <Data>0x00, 0x00, 0x00, 0x00, </Data>
                </ModuleParameter>
                <ModuleParameter>
                    <Name>EQ1940SingleS10B2</Name>
                    <Type>Int32</Type>
                    <Address>18</Address>
                    <Value>1</Value>
                    <Size>4</Size>
                    <Data>0x00, 0x80, 0x00, 0x00, </Data>
                </ModuleParameter>
                <ModuleParameter>
                    <Name>EQ1940SingleS11B2</Name>
                    <Type>Int32</Type>
                    <Address>19</Address>
                    <Value>0</Value>
                    <Size>4</Size>
                    <Data>0x00, 0x00, 0x00, 0x00, </Data>
                </ModuleParameter>
                <ModuleParameter>
                    <Name>EQ1940SingleS12B2</Name>
                    <Type>Int32</Type>
                    <Address>20</Address>
                    <Value>0</Value>
                    <Size>4</Size>
                    <Data>0x00, 0x00, 0x00, 0x00, </Data>
                </ModuleParameter>
                <ModuleParameter>
                    <Name>EQ1940SingleS11A2</Name>
                    <Type>Int32</Type>
                    <Address>21</Address>
                    <Value>0</Value>
                    <Size>4</Size>
                    <Data>0x00, 0x00, 0x00, 0x00, </Data>
                </ModuleParameter>
                <ModuleParameter>
                    <Name>EQ1940SingleS12A2</Name>
                    <Type>Int32</Type>
                    <Address>22</Address>
                    <Value>0</Value>
                    <Size>4</Size>
                    <Data>0x00, 0x00, 0x00, 0x00, </Data>
                </ModuleParameter>
            </Algorithm>
        </Module>
        <Module>
            <CellName>Nx2-1</CellName>
            <Algorithm>
                <AlgoName>ALG0</AlgoName>
                <Description>Stereo SW Slew( 2 ) : OnOff[ True ];OnOff[ False ];</Description>
                <ModuleParameter>
                    <Name>StMuxSwSlew1coeffname</Name>
                    <Type>Int32</Type>
                    <Address>129</Address>
                    <Value>0</Value>
                    <Size>4</Size>
                    <Data>0x00, 0x00, 0x00, 0x00, </Data>
                </ModuleParameter>
            </Algorithm>
        </Module>
        <Module>
            <CellName>7 X RTA1</CellName>
            <Algorithm>
                <AlgoName>ALG0</AlgoName>
                <Description>Fixed Seven Bands</Description>
                <ModuleParameter>
                    <Name>SevenBandLevelDet1TCONST</Name>
                    <Type>Int32</Type>
                    <Address>35</Address>
                    <Value>0.000479817390441895</Value>
                    <Size>4</Size>
                    <Data>0x00, 0x00, 0x0F, 0xB9, </Data>
                </ModuleParameter>
                <ModuleParameter>
                    <Name>SevenBandLevelDet1decay</Name>
                    <Type>Int32</Type>
                    <Address>36</Address>
                    <Value>0.000108480453491211</Value>
                    <Size>4</Size>
                    <Data>0x00, 0x00, 0x03, 0x8E, </Data>
                </ModuleParameter>
                <ModuleParameter>
                    <Name>SevenBandLevelDet1F0_b0</Name>
                    <Type>Int32</Type>
                    <Address>37</Address>
                    <Value>4.05311584472656E-05</Value>
                    <Size>4</Size>
                    <Data>0x00, 0x00, 0x01, 0x54, </Data>
                </ModuleParameter>
                <ModuleParameter>
                    <Name>SevenBandLevelDet1F0_b1</Name>
                    <Type>Int32</Type>
                    <Address>38</Address>
                    <Value>8.10623168945313E-05</Value>
                    <Size>4</Size>
                    <Data>0x00, 0x00, 0x02, 0xA8, </Data>
                </ModuleParameter>
                <ModuleParameter>
                    <Name>SevenBandLevelDet1F0_b2</Name>
                    <Type>Int32</Type>
                    <Address>39</Address>
                    <Value>4.05311584472656E-05</Value>
                    <Size>4</Size>
                    <Data>0x00, 0x00, 0x01, 0x54, </Data>
                </ModuleParameter>
                <ModuleParameter>
                    <Name>SevenBandLevelDet1F0_a1</Name>
                    <Type>Int32</Type>
                    <Address>40</Address>
                    <Value>1.98398721218109</Value>
                    <Size>4</Size>
                    <Data>0x00, 0xFD, 0xF3, 0x4B, </Data>
                </ModuleParameter>
                <ModuleParameter>
                    <Name>SevenBandLevelDet1F0_a2</Name>
                    <Type>Int32</Type>
                    <Address>41</Address>
                    <Value>-0.98414933681488</Value>
                    <Size>4</Size>
                    <Data>0x0F, 0x82, 0x07, 0x65, </Data>
                </ModuleParameter>
                <ModuleParameter>
                    <Name>SevenBandLevelDet1F1_b0</Name>
                    <Type>Int32</Type>
                    <Address>42</Address>
                    <Value>0.0216860771179199</Value>
                    <Size>4</Size>
                    <Data>0x00, 0x02, 0xC6, 0x9C, </Data>
                </ModuleParameter>
                <ModuleParameter>
                    <Name>SevenBandLevelDet1F1_b1</Name>
                    <Type>Int32</Type>
                    <Address>43</Address>
                    <Value>-0.0197540521621704</Value>
                    <Size>4</Size>
                    <Data>0x0F, 0xFD, 0x78, 0xB3, </Data>
                </ModuleParameter>
                <ModuleParameter>
                    <Name>SevenBandLevelDet1F1_b2</Name>
                    <Type>Int32</Type>
                    <Address>44</Address>
                    <Value>-0.00191938877105713</Value>
                    <Size>4</Size>
                    <Data>0x0F, 0xFF, 0xC1, 0x1B, </Data>
                </ModuleParameter>
                <ModuleParameter>
                    <Name>SevenBandLevelDet1F1_a1</Name>
                    <Type>Int32</Type>
                    <Address>45</Address>
                    <Value>1.97541093826294</Value>
                    <Size>4</Size>
                    <Data>0x00, 0xFC, 0xDA, 0x44, </Data>
                </ModuleParameter>
                <ModuleParameter>
                    <Name>SevenBandLevelDet1F1_a2</Name>
                    <Type>Int32</Type>
                    <Address>46</Address>
                    <Value>-0.976664662361145</Value>
                    <Size>4</Size>
                    <Data>0x0F, 0x82, 0xFC, 0xA7, </Data>
                </ModuleParameter>
                <ModuleParameter>
                    <Name>SevenBandLevelDet1F2_b0</Name>
                    <Type>Int32</Type>
                    <Address>47</Address>
                    <Value>0.033105731010437</Value>
                    <Size>4</Size>
                    <Data>0x00, 0x04, 0x3C, 0xCF, </Data>
                </ModuleParameter>
                <ModuleParameter>
                    <Name>SevenBandLevelDet1F2_b1</Name>
                    <Type>Int32</Type>
                    <Address>48</Address>
                    <Value>-0.019489049911499</Value>
                    <Size>4</Size>
                    <Data>0x0F, 0xFD, 0x81, 0x62, </Data>
                </ModuleParameter>
                <ModuleParameter>
                    <Name>SevenBandLevelDet1F2_b2</Name>
                    <Type>Int32</Type>
                    <Address>49</Address>
                    <Value>-0.0135672092437744</Value>
                    <Size>4</Size>
                    <Data>0x0F, 0xFE, 0x43, 0x6E, </Data>
                </ModuleParameter>
                <ModuleParameter>
                    <Name>SevenBandLevelDet1F2_a1</Name>
                    <Type>Int32</Type>
                    <Address>50</Address>
                    <Value>1.94890558719635</Value>
                    <Size>4</Size>
                    <Data>0x00, 0xF9, 0x75, 0xBD, </Data>
                </ModuleParameter>
                <ModuleParameter>
                    <Name>SevenBandLevelDet1F2_a2</Name>
                    <Type>Int32</Type>
                    <Address>51</Address>
                    <Value>-0.953861236572266</Value>
                    <Size>4</Size>
                    <Data>0x0F, 0x85, 0xE7, 0xE0, </Data>
                </ModuleParameter>
                <ModuleParameter>
                    <Name>SevenBandLevelDet1F3_b0</Name>
                    <Type>Int32</Type>
                    <Address>52</Address>
                    <Value>0.0551939010620117</Value>
                    <Size>4</Size>
                    <Data>0x00, 0x07, 0x10, 0x98, </Data>
                </ModuleParameter>
                <ModuleParameter>
                    <Name>SevenBandLevelDet1F3_b1</Name>
                    <Type>Int32</Type>
                    <Address>53</Address>
                    <Value>-0.0189040899276733</Value>
                    <Size>4</Size>
                    <Data>0x0F, 0xFD, 0x94, 0x8D, </Data>
                </ModuleParameter>
                <ModuleParameter>
                    <Name>SevenBandLevelDet1F3_b2</Name>
                    <Type>Int32</Type>
                    <Address>54</Address>
                    <Value>-0.0360963344573975</Value>
                    <Size>4</Size>
                    <Data>0x0F, 0xFB, 0x61, 0x32, </Data>
                </ModuleParameter>
                <ModuleParameter>
                    <Name>SevenBandLevelDet1F3_a1</Name>
                    <Type>Int32</Type>
                    <Address>55</Address>
                    <Value>1.89040410518646</Value>
                    <Size>4</Size>
                    <Data>0x00, 0xF1, 0xF8, 0xC3, </Data>
                </ModuleParameter>
                <ModuleParameter>
                    <Name>SevenBandLevelDet1F3_a2</Name>
                    <Type>Int32</Type>
                    <Address>56</Address>
                    <Value>-0.909754753112793</Value>
                    <Size>4</Size>
                    <Data>0x0F, 0x8B, 0x8D, 0x28, </Data>
                </ModuleParameter>
                <ModuleParameter>
                    <Name>SevenBandLevelDet1F4_b0</Name>
                    <Type>Int32</Type>
                    <Address>57</Address>
                    <Value>0.116197824478149</Value>
                    <Size>4</Size>
                    <Data>0x00, 0x0E, 0xDF, 0x92, </Data>
                </ModuleParameter>
                <ModuleParameter>
                    <Name>SevenBandLevelDet1F4_b1</Name>
                    <Type>Int32</Type>
                    <Address>58</Address>
                    <Value>-0.0167571306228638</Value>
                    <Size>4</Size>
                    <Data>0x0F, 0xFD, 0xDA, 0xE7, </Data>
                </ModuleParameter>
                <ModuleParameter>
                    <Name>SevenBandLevelDet1F4_b2</Name>
                    <Type>Int32</Type>
                    <Address>59</Address>
                    <Value>-0.0983184576034546</Value>
                    <Size>4</Size>
                    <Data>0x0F, 0xF3, 0x6A, 0x4D, </Data>
                </ModuleParameter>
                <ModuleParameter>
                    <Name>SevenBandLevelDet1F4_a1</Name>
                    <Type>Int32</Type>
                    <Address>60</Address>
                    <Value>1.67571449279785</Value>
                    <Size>4</Size>
                    <Data>0x00, 0xD6, 0x7D, 0xD0, </Data>
                </ModuleParameter>
                <ModuleParameter>
                    <Name>SevenBandLevelDet1F4_a2</Name>
                    <Type>Int32</Type>
                    <Address>61</Address>
                    <Value>-0.787939310073853</Value>
                    <Size>4</Size>
                    <Data>0x0F, 0x9B, 0x24, 0xCE, </Data>
                </ModuleParameter>
                <ModuleParameter>
                    <Name>SevenBandLevelDet1F5_b0</Name>
                    <Type>Int32</Type>
                    <Address>62</Address>
                    <Value>0.20426869392395</Value>
                    <Size>4</Size>
                    <Data>0x00, 0x1A, 0x25, 0x7A, </Data>
                </ModuleParameter>
                <ModuleParameter>
                    <Name>SevenBandLevelDet1F5_b1</Name>
                    <Type>Int32</Type>
                    <Address>63</Address>
                    <Value>-0.0122003555297852</Value>
                    <Size>4</Size>
                    <Data>0x0F, 0xFE, 0x70, 0x38, </Data>
                </ModuleParameter>
                <ModuleParameter>
                    <Name>SevenBandLevelDet1F5_b2</Name>
                    <Type>Int32</Type>
                    <Address>64</Address>
                    <Value>-0.188147902488708</Value>
                    <Size>4</Size>
                    <Data>0x0F, 0xE7, 0xEA, 0xC5, </Data>
                </ModuleParameter>
                <ModuleParameter>
                    <Name>SevenBandLevelDet1F5_a1</Name>
                    <Type>Int32</Type>
                    <Address>65</Address>
                    <Value>1.22003281116486</Value>
                    <Size>4</Size>
                    <Data>0x00, 0x9C, 0x2A, 0x09, </Data>
                </ModuleParameter>
                <ModuleParameter>
                    <Name>SevenBandLevelDet1F5_a2</Name>
                    <Type>Int32</Type>
                    <Address>66</Address>
                    <Value>-0.612075328826904</Value>
                    <Size>4</Size>
                    <Data>0x0F, 0xB1, 0xA7, 0x84, </Data>
                </ModuleParameter>
                <ModuleParameter>
                    <Name>SevenBandLevelDet1F6_b0</Name>
                    <Type>Int32</Type>
                    <Address>67</Address>
                    <Value>0.502721905708313</Value>
                    <Size>4</Size>
                    <Data>0x00, 0x40, 0x59, 0x31, </Data>
                </ModuleParameter>
                <ModuleParameter>
                    <Name>SevenBandLevelDet1F6_b1</Name>
                    <Type>Int32</Type>
                    <Address>68</Address>
                    <Value>-1.00544393062592</Value>
                    <Size>4</Size>
                    <Data>0x0F, 0x7F, 0x4D, 0x9D, </Data>
                </ModuleParameter>
                <ModuleParameter>
                    <Name>SevenBandLevelDet1F6_b2</Name>
                    <Type>Int32</Type>
                    <Address>69</Address>
                    <Value>0.502721905708313</Value>
                    <Size>4</Size>
                    <Data>0x00, 0x40, 0x59, 0x31, </Data>
                </ModuleParameter>
                <ModuleParameter>
                    <Name>SevenBandLevelDet1F6_a1</Name>
                    <Type>Int32</Type>
                    <Address>70</Address>
                    <Value>0.74371862411499</Value>
                    <Size>4</Size>
                    <Data>0x00, 0x5F, 0x32, 0x2C, </Data>
                </ModuleParameter>
                <ModuleParameter>
                    <Name>SevenBandLevelDet1F6_a2</Name>
                    <Type>Int32</Type>
                    <Address>71</Address>
                    <Value>-0.267169237136841</Value>
                    <Size>4</Size>
                    <Data>0x0F, 0xDD, 0xCD, 0x66, </Data>
                </ModuleParameter>
                <ModuleParameter>
                    <Name />
                    <Type>HexArray</Type>
                    <Address>2074</Address>
                    <Size>2</Size>
                    <Data>0x03, 0xAE, </Data>
                </ModuleParameter>
                <ModuleParameter>
                    <Name />
                    <Type>Int32</Type>
                    <Address>2074</Address>
                    <Value>0</Value>
                    <Size>3</Size>
                    <Data>0x00, 0x00, 0x00, </Data>
                </ModuleParameter>
                <ModuleParameter>
                    <Name />
                    <Type>HexArray</Type>
                    <Address>2074</Address>
                    <Size>2</Size>
                    <Data>0x04, 0x56, </Data>
                </ModuleParameter>
                <ModuleParameter>
                    <Name />
                    <Type>Int32</Type>
                    <Address>2074</Address>
                    <Value>0</Value>
                    <Size>3</Size>
                    <Data>0x00, 0x00, 0x00, </Data>
                </ModuleParameter>
                <ModuleParameter>
                    <Name />
                    <Type>HexArray</Type>
                    <Address>2074</Address>
                    <Size>2</Size>
                    <Data>0x04, 0xFE, </Data>
                </ModuleParameter>
                <ModuleParameter>
                    <Name />
                    <Type>Int32</Type>
                    <Address>2074</Address>
                    <Value>0</Value>
                    <Size>3</Size>
                    <Data>0x00, 0x00, 0x00, </Data>
                </ModuleParameter>
                <ModuleParameter>
                    <Name />
                    <Type>HexArray</Type>
                    <Address>2074</Address>
                    <Size>2</Size>
                    <Data>0x05, 0xA6, </Data>
                </ModuleParameter>
                <ModuleParameter>
                    <Name />
                    <Type>Int32</Type>
                    <Address>2074</Address>
                    <Value>0</Value>
                    <Size>3</Size>
                    <Data>0x00, 0x00, 0x00, </Data>
                </ModuleParameter>
                <ModuleParameter>
                    <Name />
                    <Type>HexArray</Type>
                    <Address>2074</Address>
                    <Size>2</Size>
                    <Data>0x06, 0x4E, </Data>
                </ModuleParameter>
                <ModuleParameter>
                    <Name />
                    <Type>Int32</Type>
                    <Address>2074</Address>
                    <Value>0</Value>
                    <Size>3</Size>
                    <Data>0x00, 0x00, 0x00, </Data>
                </ModuleParameter>
                <ModuleParameter>
                    <Name />
                    <Type>HexArray</Type>
                    <Address>2074</Address>
                    <Size>2</Size>
                    <Data>0x06, 0xF6, </Data>
                </ModuleParameter>
                <ModuleParameter>
                    <Name />
                    <Type>Int32</Type>
                    <Address>2074</Address>
                    <Value>0</Value>
                    <Size>3</Size>
                    <Data>0x00, 0x00, 0x00, </Data>
                </ModuleParameter>
                <ModuleParameter>
                    <Name />
                    <Type>HexArray</Type>
                    <Address>2074</Address>
                    <Size>2</Size>
                    <Data>0x07, 0x9E, </Data>
                </ModuleParameter>
                <ModuleParameter>
                    <Name />
                    <Type>Int32</Type>
                    <Address>2074</Address>
                    <Value>0</Value>
                    <Size>3</Size>
                    <Data>0x00, 0x00, 0x00, </Data>
                </ModuleParameter>
            </Algorithm>
        </Module>
        <Module>
            <CellName>2XMixer1</CellName>
            <Algorithm>
                <AlgoName>ALG0</AlgoName>
                <Description>2 Channel X Mixer( 1 ) : Gain1[ -30 ],Gain2[ -30 ];</Description>
                <ModuleParameter>
                    <Name>TwoChanXMixer1940Alg100</Name>
                    <Type>Int32</Type>
                    <Address>23</Address>
                    <Value>0.0316227674484253</Value>
                    <Size>4</Size>
                    <Data>0x00, 0x04, 0x0C, 0x37, </Data>
                </ModuleParameter>
                <ModuleParameter>
                    <Name>TwoChanXMixer1940Alg110</Name>
                    <Type>Int32</Type>
                    <Address>24</Address>
                    <Value>0.0316227674484253</Value>
                    <Size>4</Size>
                    <Data>0x00, 0x04, 0x0C, 0x37, </Data>
                </ModuleParameter>
            </Algorithm>
        </Module>
        <Module>
            <CellName>W Noise1</CellName>
            <Algorithm>
                <AlgoName>ALG0</AlgoName>
                <Description>White Noise w/seed( 1 ) : OnOff[ False ];</Description>
                <ModuleParameter>
                    <Name>WhiteNAlgNew21enable</Name>
                    <Type>Int32</Type>
                    <Address>0</Address>
                    <Value>0</Value>
                    <Size>4</Size>
                    <Data>0x00, 0x00, 0x00, 0x00, </Data>
                </ModuleParameter>
                <ModuleParameter>
                    <Name>WhiteNAlgNew21seed</Name>
                    <Type>Int32</Type>
                    <Address>1</Address>
                    <Value>0.988333702087402</Value>
                    <Size>4</Size>
                    <Data>0x00, 0x7E, 0x81, 0xB8, </Data>
                </ModuleParameter>
                <ModuleParameter>
                    <Name>WhiteNAlgNew21mxx</Name>
                    <Type>Int32</Type>
                    <Address>2</Address>
                    <Value>345675</Value>
                    <Size>4</Size>
                    <Data>0x00, 0x05, 0x46, 0x4B, </Data>
                </ModuleParameter>
            </Algorithm>
            <Algorithm>
                <AlgoName>ALG1</AlgoName>
                <Description>White Noise w/seed( 1 ) : OnOff[ False ];</Description>
                <ModuleParameter>
                    <Name>WhiteNAlgNew22enable</Name>
                    <Type>Int32</Type>
                    <Address>3</Address>
                    <Value>0</Value>
                    <Size>4</Size>
                    <Data>0x00, 0x00, 0x00, 0x00, </Data>
                </ModuleParameter>
                <ModuleParameter>
                    <Name>WhiteNAlgNew22seed</Name>
                    <Type>Int32</Type>
                    <Address>4</Address>
                    <Value>0.988333702087402</Value>
                    <Size>4</Size>
                    <Data>0x00, 0x7E, 0x81, 0xB8, </Data>
                </ModuleParameter>
                <ModuleParameter>
                    <Name>WhiteNAlgNew22mxx</Name>
                    <Type>Int32</Type>
                    <Address>5</Address>
                    <Value>345675</Value>
                    <Size>4</Size>
                    <Data>0x00, 0x05, 0x46, 0x4B, </Data>
                </ModuleParameter>
            </Algorithm>
        </Module>
        <Module>
            <CellName>InputSelect</CellName>
            <Algorithm>
                <AlgoName>ALG0</AlgoName>
                <Description>Stereo SW Slew( 2 ) : OnOff[ True ];OnOff[ False ];</Description>
                <ModuleParameter>
                    <Name>StMuxSwSlew2coeffname</Name>
                    <Type>Int32</Type>
                    <Address>6</Address>
                    <Value>0</Value>
                    <Size>4</Size>
                    <Data>0x00, 0x00, 0x00, 0x00, </Data>
                </ModuleParameter>
            </Algorithm>
        </Module>
        <Module>
            <CellName>SW vol 2</CellName>
            <Algorithm>
                <AlgoName>ALG0</AlgoName>
                <Description>Gain (RC Slew)( 1 ) : Gain[ 0 ];</Description>
                <ModuleParameter>
                    <Name>SWGain1940DBAlg2target</Name>
                    <Type>Int32</Type>
                    <Address>130</Address>
                    <Value>1</Value>
                    <Size>4</Size>
                    <Data>0x00, 0x80, 0x00, 0x00, </Data>
                </ModuleParameter>
                <ModuleParameter>
                    <Name>SWGain1940DBAlg2step</Name>
                    <Type>Int32</Type>
                    <Address>131</Address>
                    <Value>0.000244140625</Value>
                    <Size>4</Size>
                    <Data>0x00, 0x00, 0x08, 0x00, </Data>
                </ModuleParameter>
            </Algorithm>
        </Module>
        <Module>
            <CellName>Gen Filter2</CellName>
            <Algorithm>
                <AlgoName>ALG0</AlgoName>
                <Description>1 Channel - Single Precision( 1 ) : Gain[ 0 ],Q[ 1.41 ],Frequency1[ 80 ],PhaseShifted[ False ],GeneralType[ 0 ],Type[ 2 ];</Description>
                <ModuleParameter>
                    <Name>EQ1940SingleS30B1</Name>
                    <Type>Int32</Type>
                    <Address>124</Address>
                    <Value>2.72989273071289E-05</Value>
                    <Size>4</Size>
                    <Data>0x00, 0x00, 0x00, 0xE5, </Data>
                </ModuleParameter>
                <ModuleParameter>
                    <Name>EQ1940SingleS31B1</Name>
                    <Type>Int32</Type>
                    <Address>125</Address>
                    <Value>5.45978546142578E-05</Value>
                    <Size>4</Size>
                    <Data>0x00, 0x00, 0x01, 0xCA, </Data>
                </ModuleParameter>
                <ModuleParameter>
                    <Name>EQ1940SingleS32B1</Name>
                    <Type>Int32</Type>
                    <Address>126</Address>
                    <Value>2.72989273071289E-05</Value>
                    <Size>4</Size>
                    <Data>0x00, 0x00, 0x00, 0xE5, </Data>
                </ModuleParameter>
                <ModuleParameter>
                    <Name>EQ1940SingleS31A1</Name>
                    <Type>Int32</Type>
                    <Address>127</Address>
                    <Value>1.99249136447906</Value>
                    <Size>4</Size>
                    <Data>0x00, 0xFF, 0x09, 0xF5, </Data>
                </ModuleParameter>
                <ModuleParameter>
                    <Name>EQ1940SingleS32A1</Name>
                    <Type>Int32</Type>
                    <Address>128</Address>
                    <Value>-0.992600679397583</Value>
                    <Size>4</Size>
                    <Data>0x0F, 0x80, 0xF2, 0x76, </Data>
                </ModuleParameter>
            </Algorithm>
        </Module>
    </IC>
    <IC>
        <Name>IC 2</Name>
    </IC>
</Schematic>