<?xml version="1.0" encoding="utf-8"?>
<!-- *
 * This software is distributed in the hope that it will be useful,
 * but is distributed on an "AS IS" BASIS, WITHOUT WARRANTIES OR
 * CONDITIONS OF ANY KIND, without even the implied warranty of
 * MERCHANTABILITY or FITNESS FOR A PARTICULAR PURPOSE.
 *
 * This software may only be used to program products purchased from
 * Analog Devices for incorporation by you into audio products that
 * are intended for resale to audio product end users. This software
 * may not be distributed whole or in any part to third parties.
 *
 * Copyright © 2019 Analog Devices, Inc. All rights reserved.
 */
-->
<!--NetList XML file-->
<NetList>
    <IC name=" IC 1 " type="DSPSigma100">
        <Schematic>
            <Algorithm name="ICSigma100In1" friendlyname="170x\140x input" cell="Input1 ">
                <Link pin="O_C0_A0_P1_out" dir="out" link="Link14" />
                <Link pin="O_C0_A0_P2_out" dir="out" link="Link15" />
            </Algorithm>
            <Algorithm name="WhiteNAlgNew21" friendlyname="White Noise w/seed" cell="W Noise1 ">
                <Link pin="O_C147_A0_P1_out" dir="out" link="Link16" />
            </Algorithm>
            <Algorithm name="WhiteNAlgNew22" friendlyname="White Noise w/seed" cell="W Noise1 ">
                <Link pin="O_C147_A1_P1_out" dir="out" link="Link17" />
            </Algorithm>
            <Algorithm name="StMuxSwSlew2" friendlyname="Stereo SW Slew" cell="InputSelect ">
                <Link pin="I_C155_A0_P3_in" dir="in" link="Link14" />
                <Link pin="I_C155_A0_P4_in" dir="in" link="Link15" />
                <Link pin="I_C155_A0_P5_in" dir="in" link="Link16" />
                <Link pin="I_C155_A0_P6_in" dir="in" link="Link17" />
                <Link pin="O_C155_A0_P1_out" dir="out" link="Link23" />
                <Link pin="O_C155_A0_P2_out" dir="out" link="Link8" />
            </Algorithm>
            <Algorithm name="SingleBandLevelDet2" friendlyname="Single Band" cell="1 X RTA2 ">
                <Link pin="I_C133_A0_P1_in" dir="in" link="Link8" />
                <Link pin="O_C133_A0_P2_out" dir="out" link="Link27" />
            </Algorithm>
            <Algorithm name="SingleBandLevelDet1" friendlyname="Single Band" cell="1 X RTA1 ">
                <Link pin="I_C124_A0_P1_in" dir="in" link="Link23" />
                <Link pin="O_C124_A0_P2_out" dir="out" link="Link26" />
            </Algorithm>
            <Algorithm name="EQ1940SingleS1" friendlyname="1 Channel - Single Precision" cell="Gen Filter1 ">
                <Link pin="I_C209_A1_P1_in" dir="in" link="Link27" />
                <Link pin="O_C209_A1_P2_out" dir="out" link="Link25" />
            </Algorithm>
            <Algorithm name="TwoChanXMixer1940Alg1" friendlyname="2 Channel X Mixer" cell="2XMixer1 ">
                <Link pin="I_C82_A0_P1_in" dir="in" link="Link26" />
                <Link pin="I_C82_A0_P2_in" dir="in" link="Link27" />
                <Link pin="O_C82_A0_P3_out" dir="out" link="Link13" />
            </Algorithm>
            <Algorithm name="EQ1940SingleS2" friendlyname="1 Channel - Single Precision" cell="Gen Filter1 ">
                <Link pin="I_C209_A0_P1_in" dir="in" link="Link26" />
                <Link pin="O_C209_A0_P2_out" dir="out" link="Link24" />
            </Algorithm>
            <Algorithm name="SevenBandLevelDet1" friendlyname="Fixed Seven Bands" cell="7 X RTA1 ">
                <Link pin="I_C39_A0_P1_in" dir="in" link="Link13" />
                <Link pin="O_C39_A0_P2_out" dir="out" link="Link19" />
            </Algorithm>
            <Algorithm name="SuperPhatAlg1" friendlyname="Super Bass" cell="SPhat1 ">
                <Link pin="I_C66_A0_P1_in" dir="in" link="Link24" />
                <Link pin="I_C66_A0_P2_in" dir="in" link="Link25" />
                <Link pin="O_C66_A0_P3_out" dir="out" link="Link12" />
                <Link pin="O_C66_A0_P4_out" dir="out" link="Link11" />
            </Algorithm>
            <Algorithm name="EQ1940SingleS3" friendlyname="1 Channel - Single Precision" cell="Gen Filter2 ">
                <Link pin="I_C193_A0_P1_in" dir="in" link="Link19" />
                <Link pin="O_C193_A0_P2_out" dir="out" link="Link18" />
            </Algorithm>
            <Algorithm name="StMuxSwSlew1" friendlyname="Stereo SW Slew" cell="Nx2-1 ">
                <Link pin="I_C255_A0_P3_in" dir="in" link="Link24" />
                <Link pin="I_C255_A0_P4_in" dir="in" link="Link25" />
                <Link pin="I_C255_A0_P5_in" dir="in" link="Link12" />
                <Link pin="I_C255_A0_P6_in" dir="in" link="Link11" />
                <Link pin="O_C255_A0_P1_out" dir="out" link="Link9" />
                <Link pin="O_C255_A0_P2_out" dir="out" link="Link10" />
            </Algorithm>
            <Algorithm name="SWGain1940DBAlg2" friendlyname="Gain (RC Slew)" cell="SW vol 2 ">
                <Link pin="I_C190_A0_P1_in" dir="in" link="Link18" />
                <Link pin="O_C190_A0_P2_out" dir="out" link="Link22" />
            </Algorithm>
            <Algorithm name="BassBAlg_stereo1" friendlyname="Stereo Dynamic Bass Boost" cell="Bass Boost1 ">
                <Link pin="I_C31_A0_P1_in" dir="in" link="Link9" />
                <Link pin="I_C31_A0_P2_in" dir="in" link="Link10" />
                <Link pin="O_C31_A0_P3_out" dir="out" link="Link20" />
                <Link pin="O_C31_A0_P4_out" dir="out" link="Link21" />
            </Algorithm>
            <Algorithm name="ICSigma100Out3" friendlyname="170x\140x output" cell="Output3 ">
                <Link pin="I_C15_A0_P1_in" dir="in" link="Link22" />
            </Algorithm>
            <Algorithm name="ICSigma100Out4" friendlyname="170x\140x output" cell="Output4 ">
                <Link pin="I_C17_A0_P1_in" dir="in" link="Link22" />
            </Algorithm>
            <Algorithm name="ICSigma100Out2" friendlyname="170x\140x output" cell="Output2 ">
                <Link pin="I_C13_A0_P1_in" dir="in" link="Link21" />
            </Algorithm>
            <Algorithm name="ICSigma100Out1" friendlyname="170x\140x output" cell="Output1 ">
                <Link pin="I_C11_A0_P1_in" dir="in" link="Link20" />
            </Algorithm>
            <Algorithm name="SWGain1940DBAlg1" friendlyname="Gain (RC Slew)" cell="SW vol 1 ">
                <Link pin="I_C101_A0_P1_in" dir="in" link="Link20" />
                <Link pin="I_C101_A0_P3_in" dir="in" link="Link21" />
                <Link pin="I_C101_A0_P5_in" dir="in" link="Link20" />
                <Link pin="I_C101_A0_P7_in" dir="in" link="Link21" />
                <Link pin="I_C101_A0_P9_in" dir="in" link="Link20" />
                <Link pin="I_C101_A0_P11_in" dir="in" link="Link21" />
                <Link pin="I_C101_A0_P13_in" dir="in" link="Link20" />
                <Link pin="I_C101_A0_P15_in" dir="in" link="Link21" />
                <Link pin="O_C101_A0_P2_out" dir="out" link="Link0" />
                <Link pin="O_C101_A0_P4_out" dir="out" link="Link1" />
                <Link pin="O_C101_A0_P6_out" dir="out" link="Link2" />
                <Link pin="O_C101_A0_P8_out" dir="out" link="Link3" />
                <Link pin="O_C101_A0_P10_out" dir="out" link="Link4" />
                <Link pin="O_C101_A0_P12_out" dir="out" link="Link5" />
                <Link pin="O_C101_A0_P14_out" dir="out" link="Link6" />
                <Link pin="O_C101_A0_P16_out" dir="out" link="Link7" />
            </Algorithm>
            <Algorithm name="ICSigma100Out5" friendlyname="170x\140x output" cell="Output5 ">
                <Link pin="I_C85_A0_P1_in" dir="in" link="Link0" />
            </Algorithm>
            <Algorithm name="ICSigma100Out6" friendlyname="170x\140x output" cell="Output6 ">
                <Link pin="I_C87_A0_P1_in" dir="in" link="Link1" />
            </Algorithm>
            <Algorithm name="ICSigma100Out7" friendlyname="170x\140x output" cell="Output7 ">
                <Link pin="I_C89_A0_P1_in" dir="in" link="Link2" />
            </Algorithm>
            <Algorithm name="ICSigma100Out8" friendlyname="170x\140x output" cell="Output8 ">
                <Link pin="I_C91_A0_P1_in" dir="in" link="Link3" />
            </Algorithm>
            <Algorithm name="ICSigma100Out9" friendlyname="170x\140x output" cell="Output9 ">
                <Link pin="I_C93_A0_P1_in" dir="in" link="Link4" />
            </Algorithm>
            <Algorithm name="ICSigma100Out10" friendlyname="170x\140x output" cell="Output10 ">
                <Link pin="I_C95_A0_P1_in" dir="in" link="Link5" />
            </Algorithm>
            <Algorithm name="ICSigma100Out11" friendlyname="170x\140x output" cell="Output11 ">
                <Link pin="I_C97_A0_P1_in" dir="in" link="Link6" />
            </Algorithm>
            <Algorithm name="ICSigma100Out12" friendlyname="170x\140x output" cell="Output12 ">
                <Link pin="I_C99_A0_P1_in" dir="in" link="Link7" />
            </Algorithm>
        </Schematic>
    </IC>
</NetList>